  [4;36;1mSQL (0.1ms)[0m   [0;1mSET NAMES 'utf8'[0m
  [4;35;1mSQL (0.1ms)[0m   [0mSET SQL_AUTO_IS_NULL=0[0m


Processing ServicesController#create (for 127.0.0.1 at 2009-12-19 00:41:28) [POST]
  Parameters: {"commit"=>"Submit", "service"=>{"title"=>"", "user_attributes"=>{"name"=>"", "password_confirmation"=>"", "password"=>"", "email"=>""}, "attached_files_attributes"=>{"0"=>{"caption"=>""}, "1"=>{"caption"=>""}, "2"=>{"caption"=>""}, "3"=>{"caption"=>""}}, "service_description"=>"", "service_category_id"=>""}, "authenticity_token"=>"5nUa2NFoRsj7L6hYc07RspsDJavFEc8YaYClFLK/0I0="}
  [4;36;1mUser Columns (2.2ms)[0m   [0;1mSHOW FIELDS FROM `users`[0m
  [4;35;1mService Columns (1.7ms)[0m   [0mSHOW FIELDS FROM `services`[0m
  [4;36;1mUser Load (0.3ms)[0m   [0;1mSELECT * FROM `users` WHERE (`users`.`email` = '') LIMIT 1[0m
  [4;35;1mSQL (0.1ms)[0m   [0mBEGIN[0m
  [4;36;1mUser Load (0.2ms)[0m   [0;1mSELECT `users`.id FROM `users` WHERE (LOWER(`users`.`email`) = BINARY '') LIMIT 1[0m
  [4;35;1mUser Load (0.2ms)[0m   [0mSELECT `users`.id FROM `users` WHERE (`users`.`persistence_token` = BINARY '8b8b43ab409a1115c3bb6b85bfb4554a0abddde8a77d88242786a5f72d3cc3081420a8450987551949bc31b76bbf27e5cdfc9f652bfa44eaf4c912cf4f0c5597') LIMIT 1[0m
  [4;36;1mSQL (0.1ms)[0m   [0;1mROLLBACK[0m
  [4;35;1mAttachedFile Columns (1.4ms)[0m   [0mSHOW FIELDS FROM `attached_files`[0m
Rendering template within layouts/application
Rendering services/new
  [4;36;1mServiceCategory Load (0.3ms)[0m   [0;1mSELECT * FROM `service_categories` WHERE (parent_id IS NULL) ORDER BY name[0m
  [4;35;1mServiceCategory Columns (1.3ms)[0m   [0mSHOW FIELDS FROM `service_categories`[0m
  [4;36;1mServiceCategory Load (0.3ms)[0m   [0;1mSELECT * FROM `service_categories` WHERE (`service_categories`.parent_id = 1) ORDER BY name[0m
  [4;35;1mServiceCategory Load (0.2ms)[0m   [0mSELECT * FROM `service_categories` WHERE (`service_categories`.parent_id = 4) ORDER BY name[0m
Rendered attached_files/_form (1.5ms)
Rendered attached_files/_form (1.4ms)
Rendered attached_files/_form (1.4ms)
Rendered attached_files/_form (1.4ms)
Rendered services/_form (21.1ms)
Rendered layouts/_search_box (0.5ms)
Completed in 130ms (View: 24, DB: 9) | 200 OK [http://localhost/services]
  [4;36;1mSQL (0.1ms)[0m   [0;1mSET NAMES 'utf8'[0m
  [4;35;1mSQL (0.1ms)[0m   [0mSET SQL_AUTO_IS_NULL=0[0m


Processing ApplicationController#index (for 127.0.0.1 at 2009-12-19 00:41:28) [GET]
  Parameters: {"1253661662"=>nil}

ActionController::RoutingError (No route matches "/javascripts/tiny_mce/plugins/filemanager/editor_plugin.js" with {:method=>:get}):
  /opt/local/lib/ruby/1.8/webrick/httpserver.rb:104:in `service'
  /opt/local/lib/ruby/1.8/webrick/httpserver.rb:65:in `run'
  /opt/local/lib/ruby/1.8/webrick/server.rb:173:in `start_thread'
  /opt/local/lib/ruby/1.8/webrick/server.rb:162:in `start'
  /opt/local/lib/ruby/1.8/webrick/server.rb:162:in `start_thread'
  /opt/local/lib/ruby/1.8/webrick/server.rb:95:in `start'
  /opt/local/lib/ruby/1.8/webrick/server.rb:92:in `each'
  /opt/local/lib/ruby/1.8/webrick/server.rb:92:in `start'
  /opt/local/lib/ruby/1.8/webrick/server.rb:23:in `start'
  /opt/local/lib/ruby/1.8/webrick/server.rb:82:in `start'

Rendering rescues/layout (not_found)
  [4;36;1mSQL (0.1ms)[0m   [0;1mSET NAMES 'utf8'[0m
  [4;35;1mSQL (0.1ms)[0m   [0mSET SQL_AUTO_IS_NULL=0[0m


Processing ApplicationController#index (for 127.0.0.1 at 2009-12-19 00:41:28) [GET]
  Parameters: {"1253661662"=>nil}

ActionController::RoutingError (No route matches "/javascripts/tiny_mce/plugins/imagemanager/editor_plugin.js" with {:method=>:get}):
  /opt/local/lib/ruby/1.8/webrick/httpserver.rb:104:in `service'
  /opt/local/lib/ruby/1.8/webrick/httpserver.rb:65:in `run'
  /opt/local/lib/ruby/1.8/webrick/server.rb:173:in `start_thread'
  /opt/local/lib/ruby/1.8/webrick/server.rb:162:in `start'
  /opt/local/lib/ruby/1.8/webrick/server.rb:162:in `start_thread'
  /opt/local/lib/ruby/1.8/webrick/server.rb:95:in `start'
  /opt/local/lib/ruby/1.8/webrick/server.rb:92:in `each'
  /opt/local/lib/ruby/1.8/webrick/server.rb:92:in `start'
  /opt/local/lib/ruby/1.8/webrick/server.rb:23:in `start'
  /opt/local/lib/ruby/1.8/webrick/server.rb:82:in `start'

Rendering rescues/layout (not_found)
  [4;36;1mSQL (0.2ms)[0m   [0;1mSET NAMES 'utf8'[0m
  [4;35;1mSQL (0.1ms)[0m   [0mSET SQL_AUTO_IS_NULL=0[0m


Processing ServicesController#index (for 127.0.0.1 at 2009-12-19 00:41:31) [GET]
  [4;36;1mUser Columns (2.3ms)[0m   [0;1mSHOW FIELDS FROM `users`[0m
  [4;35;1mService Load (1.4ms)[0m   [0mSELECT * FROM `services` [0m
Rendering template within layouts/application
Rendering services/index
  [4;36;1mService Columns (1.6ms)[0m   [0;1mSHOW FIELDS FROM `services`[0m
  [4;35;1mAttachedFile Load (0.2ms)[0m   [0mSELECT * FROM `attached_files` WHERE (`attached_files`.service_id = 8) [0m
  [4;36;1mAttachedFile Columns (1.4ms)[0m   [0;1mSHOW FIELDS FROM `attached_files`[0m
  [4;35;1mUser Load (0.3ms)[0m   [0mSELECT * FROM `users` WHERE (`users`.`id` = 13) [0m
  [4;36;1mRating Load (13.8ms)[0m   [0;1mSELECT * FROM `ratings` WHERE (rateable_id = 8 AND rateable_type = 'Service') [0m
  [4;35;1mSQL (0.2ms)[0m   [0mSELECT count(*) AS count_all FROM `ratings` WHERE (`ratings`.rateable_id = 8 AND `ratings`.rateable_type = 'Service') [0m
  [4;36;1mCACHE (0.0ms)[0m   [0;1mSELECT * FROM `ratings` WHERE (rateable_id = 8 AND rateable_type = 'Service') [0m
  [4;35;1mCACHE (0.0ms)[0m   [0mSELECT count(*) AS count_all FROM `ratings` WHERE (`ratings`.rateable_id = 8 AND `ratings`.rateable_type = 'Service') [0m
Rendered ratings/_rating (113.6ms)
  [4;36;1mAttachedFile Load (0.3ms)[0m   [0;1mSELECT * FROM `attached_files` WHERE (`attached_files`.service_id = 9) [0m
  [4;35;1mCACHE (0.0ms)[0m   [0mSELECT * FROM `users` WHERE (`users`.`id` = 13) [0m
  [4;36;1mRating Load (0.4ms)[0m   [0;1mSELECT * FROM `ratings` WHERE (rateable_id = 9 AND rateable_type = 'Service') [0m
  [4;35;1mSQL (0.2ms)[0m   [0mSELECT count(*) AS count_all FROM `ratings` WHERE (`ratings`.rateable_id = 9 AND `ratings`.rateable_type = 'Service') [0m
  [4;36;1mCACHE (0.0ms)[0m   [0;1mSELECT * FROM `ratings` WHERE (rateable_id = 9 AND rateable_type = 'Service') [0m
  [4;35;1mCACHE (0.0ms)[0m   [0mSELECT count(*) AS count_all FROM `ratings` WHERE (`ratings`.rateable_id = 9 AND `ratings`.rateable_type = 'Service') [0m
Rendered ratings/_rating (12.1ms)
  [4;36;1mAttachedFile Load (0.2ms)[0m   [0;1mSELECT * FROM `attached_files` WHERE (`attached_files`.service_id = 10) [0m
  [4;35;1mCACHE (0.0ms)[0m   [0mSELECT * FROM `users` WHERE (`users`.`id` = 13) [0m
  [4;36;1mRating Load (0.3ms)[0m   [0;1mSELECT * FROM `ratings` WHERE (rateable_id = 10 AND rateable_type = 'Service') [0m
  [4;35;1mSQL (0.2ms)[0m   [0mSELECT count(*) AS count_all FROM `ratings` WHERE (`ratings`.rateable_id = 10 AND `ratings`.rateable_type = 'Service') [0m
Rendered ratings/_rating (11.2ms)
  [4;36;1mAttachedFile Load (0.2ms)[0m   [0;1mSELECT * FROM `attached_files` WHERE (`attached_files`.service_id = 11) [0m
  [4;35;1mCACHE (0.0ms)[0m   [0mSELECT * FROM `users` WHERE (`users`.`id` = 13) [0m
  [4;36;1mRating Load (0.3ms)[0m   [0;1mSELECT * FROM `ratings` WHERE (rateable_id = 11 AND rateable_type = 'Service') [0m
  [4;35;1mSQL (0.2ms)[0m   [0mSELECT count(*) AS count_all FROM `ratings` WHERE (`ratings`.rateable_id = 11 AND `ratings`.rateable_type = 'Service') [0m
  [4;36;1mCACHE (0.0ms)[0m   [0;1mSELECT * FROM `ratings` WHERE (rateable_id = 11 AND rateable_type = 'Service') [0m
  [4;35;1mCACHE (0.0ms)[0m   [0mSELECT count(*) AS count_all FROM `ratings` WHERE (`ratings`.rateable_id = 11 AND `ratings`.rateable_type = 'Service') [0m
Rendered ratings/_rating (11.6ms)
  [4;36;1mAttachedFile Load (0.2ms)[0m   [0;1mSELECT * FROM `attached_files` WHERE (`attached_files`.service_id = 12) [0m
  [4;35;1mCACHE (0.0ms)[0m   [0mSELECT * FROM `users` WHERE (`users`.`id` = 13) [0m
  [4;36;1mRating Load (0.3ms)[0m   [0;1mSELECT * FROM `ratings` WHERE (rateable_id = 12 AND rateable_type = 'Service') [0m
  [4;35;1mSQL (0.2ms)[0m   [0mSELECT count(*) AS count_all FROM `ratings` WHERE (`ratings`.rateable_id = 12 AND `ratings`.rateable_type = 'Service') [0m
  [4;36;1mCACHE (0.0ms)[0m   [0;1mSELECT * FROM `ratings` WHERE (rateable_id = 12 AND rateable_type = 'Service') [0m
  [4;35;1mCACHE (0.0ms)[0m   [0mSELECT count(*) AS count_all FROM `ratings` WHERE (`ratings`.rateable_id = 12 AND `ratings`.rateable_type = 'Service') [0m
Rendered ratings/_rating (11.9ms)
  [4;36;1mAttachedFile Load (0.2ms)[0m   [0;1mSELECT * FROM `attached_files` WHERE (`attached_files`.service_id = 13) [0m
  [4;35;1mCACHE (0.0ms)[0m   [0mSELECT * FROM `users` WHERE (`users`.`id` = 13) [0m
  [4;36;1mRating Load (0.3ms)[0m   [0;1mSELECT * FROM `ratings` WHERE (rateable_id = 13 AND rateable_type = 'Service') [0m
  [4;35;1mSQL (0.2ms)[0m   [0mSELECT count(*) AS count_all FROM `ratings` WHERE (`ratings`.rateable_id = 13 AND `ratings`.rateable_type = 'Service') [0m
  [4;36;1mCACHE (0.0ms)[0m   [0;1mSELECT * FROM `ratings` WHERE (rateable_id = 13 AND rateable_type = 'Service') [0m
  [4;35;1mCACHE (0.0ms)[0m   [0mSELECT count(*) AS count_all FROM `ratings` WHERE (`ratings`.rateable_id = 13 AND `ratings`.rateable_type = 'Service') [0m
Rendered ratings/_rating (12.6ms)
  [4;36;1mAttachedFile Load (0.2ms)[0m   [0;1mSELECT * FROM `attached_files` WHERE (`attached_files`.service_id = 14) [0m
  [4;35;1mUser Load (0.2ms)[0m   [0mSELECT * FROM `users` WHERE (`users`.`id` = 18) [0m
  [4;36;1mRating Load (0.3ms)[0m   [0;1mSELECT * FROM `ratings` WHERE (rateable_id = 14 AND rateable_type = 'Service') [0m
  [4;35;1mSQL (0.2ms)[0m   [0mSELECT count(*) AS count_all FROM `ratings` WHERE (`ratings`.rateable_id = 14 AND `ratings`.rateable_type = 'Service') [0m
Rendered ratings/_rating (12.0ms)
  [4;36;1mCACHE (0.0ms)[0m   [0;1mSELECT * FROM `users` WHERE (`users`.`id` = 18) [0m
  [4;35;1mAttachedFile Load (0.2ms)[0m   [0mSELECT * FROM `attached_files` WHERE (`attached_files`.service_id = 16) [0m
  [4;36;1mCACHE (0.0ms)[0m   [0;1mSELECT * FROM `users` WHERE (`users`.`id` = 13) [0m
  [4;35;1mRating Load (0.3ms)[0m   [0mSELECT * FROM `ratings` WHERE (rateable_id = 16 AND rateable_type = 'Service') [0m
  [4;36;1mSQL (0.2ms)[0m   [0;1mSELECT count(*) AS count_all FROM `ratings` WHERE (`ratings`.rateable_id = 16 AND `ratings`.rateable_type = 'Service') [0m
Rendered ratings/_rating (12.3ms)
  [4;35;1mAttachedFile Load (0.2ms)[0m   [0mSELECT * FROM `attached_files` WHERE (`attached_files`.service_id = 17) [0m
  [4;36;1mUser Load (0.2ms)[0m   [0;1mSELECT * FROM `users` WHERE (`users`.`id` = 19) [0m
  [4;35;1mRating Load (0.3ms)[0m   [0mSELECT * FROM `ratings` WHERE (rateable_id = 17 AND rateable_type = 'Service') [0m
  [4;36;1mSQL (0.2ms)[0m   [0;1mSELECT count(*) AS count_all FROM `ratings` WHERE (`ratings`.rateable_id = 17 AND `ratings`.rateable_type = 'Service') [0m
Rendered ratings/_rating (11.1ms)
  [4;35;1mCACHE (0.0ms)[0m   [0mSELECT * FROM `users` WHERE (`users`.`id` = 19) [0m
  [4;36;1mAttachedFile Load (0.2ms)[0m   [0;1mSELECT * FROM `attached_files` WHERE (`attached_files`.service_id = 18) [0m
  [4;35;1mUser Load (0.2ms)[0m   [0mSELECT * FROM `users` WHERE (`users`.`id` = 20) [0m
  [4;36;1mRating Load (0.3ms)[0m   [0;1mSELECT * FROM `ratings` WHERE (rateable_id = 18 AND rateable_type = 'Service') [0m
  [4;35;1mSQL (0.2ms)[0m   [0mSELECT count(*) AS count_all FROM `ratings` WHERE (`ratings`.rateable_id = 18 AND `ratings`.rateable_type = 'Service') [0m
Rendered ratings/_rating (11.1ms)
  [4;36;1mCACHE (0.0ms)[0m   [0;1mSELECT * FROM `users` WHERE (`users`.`id` = 20) [0m
Rendered layouts/_pagination_links (1.5ms)
Rendered layouts/_search_box (0.6ms)
Completed in 294ms (View: 241, DB: 28) | 200 OK [http://localhost/services]
  [4;35;1mSQL (0.1ms)[0m   [0mSET NAMES 'utf8'[0m
  [4;36;1mSQL (0.1ms)[0m   [0;1mSET SQL_AUTO_IS_NULL=0[0m


Processing ServicesController#new (for 127.0.0.1 at 2009-12-19 00:41:33) [GET]
  [4;35;1mUser Columns (2.1ms)[0m   [0mSHOW FIELDS FROM `users`[0m
  [4;36;1mService Columns (2.4ms)[0m   [0;1mSHOW FIELDS FROM `services`[0m
  [4;35;1mAttachedFile Columns (1.4ms)[0m   [0mSHOW FIELDS FROM `attached_files`[0m
Rendering template within layouts/application
Rendering services/new
  [4;36;1mServiceCategory Load (0.4ms)[0m   [0;1mSELECT * FROM `service_categories` WHERE (parent_id IS NULL) ORDER BY name[0m
  [4;35;1mServiceCategory Columns (1.4ms)[0m   [0mSHOW FIELDS FROM `service_categories`[0m
  [4;36;1mServiceCategory Load (0.3ms)[0m   [0;1mSELECT * FROM `service_categories` WHERE (`service_categories`.parent_id = 1) ORDER BY name[0m
  [4;35;1mServiceCategory Load (0.2ms)[0m   [0mSELECT * FROM `service_categories` WHERE (`service_categories`.parent_id = 4) ORDER BY name[0m
Rendered attached_files/_form (70.3ms)
Rendered attached_files/_form (1.6ms)
Rendered attached_files/_form (1.5ms)
Rendered attached_files/_form (1.4ms)
Rendered services/_form (92.2ms)
Rendered layouts/_search_box (0.6ms)
Completed in 130ms (View: 92, DB: 8) | 200 OK [http://localhost/services/new]
  [4;36;1mSQL (0.1ms)[0m   [0;1mSET NAMES 'utf8'[0m
  [4;35;1mSQL (0.1ms)[0m   [0mSET SQL_AUTO_IS_NULL=0[0m


Processing ApplicationController#index (for 127.0.0.1 at 2009-12-19 00:41:33) [GET]
  Parameters: {"1253661662"=>nil}

ActionController::RoutingError (No route matches "/javascripts/tiny_mce/plugins/imagemanager/editor_plugin.js" with {:method=>:get}):
  /opt/local/lib/ruby/1.8/webrick/httpserver.rb:104:in `service'
  /opt/local/lib/ruby/1.8/webrick/httpserver.rb:65:in `run'
  /opt/local/lib/ruby/1.8/webrick/server.rb:173:in `start_thread'
  /opt/local/lib/ruby/1.8/webrick/server.rb:162:in `start'
  /opt/local/lib/ruby/1.8/webrick/server.rb:162:in `start_thread'
  /opt/local/lib/ruby/1.8/webrick/server.rb:95:in `start'
  /opt/local/lib/ruby/1.8/webrick/server.rb:92:in `each'
  /opt/local/lib/ruby/1.8/webrick/server.rb:92:in `start'
  /opt/local/lib/ruby/1.8/webrick/server.rb:23:in `start'
  /opt/local/lib/ruby/1.8/webrick/server.rb:82:in `start'

Rendering rescues/layout (not_found)
  [4;36;1mSQL (0.1ms)[0m   [0;1mSET NAMES 'utf8'[0m
  [4;35;1mSQL (0.1ms)[0m   [0mSET SQL_AUTO_IS_NULL=0[0m


Processing ApplicationController#index (for 127.0.0.1 at 2009-12-19 00:41:33) [GET]
  Parameters: {"1253661662"=>nil}

ActionController::RoutingError (No route matches "/javascripts/tiny_mce/plugins/filemanager/editor_plugin.js" with {:method=>:get}):
  /opt/local/lib/ruby/1.8/webrick/httpserver.rb:104:in `service'
  /opt/local/lib/ruby/1.8/webrick/httpserver.rb:65:in `run'
  /opt/local/lib/ruby/1.8/webrick/server.rb:173:in `start_thread'
  /opt/local/lib/ruby/1.8/webrick/server.rb:162:in `start'
  /opt/local/lib/ruby/1.8/webrick/server.rb:162:in `start_thread'
  /opt/local/lib/ruby/1.8/webrick/server.rb:95:in `start'
  /opt/local/lib/ruby/1.8/webrick/server.rb:92:in `each'
  /opt/local/lib/ruby/1.8/webrick/server.rb:92:in `start'
  /opt/local/lib/ruby/1.8/webrick/server.rb:23:in `start'
  /opt/local/lib/ruby/1.8/webrick/server.rb:82:in `start'

Rendering rescues/layout (not_found)
  [4;36;1mSQL (0.1ms)[0m   [0;1mSET NAMES 'utf8'[0m
  [4;35;1mSQL (0.1ms)[0m   [0mSET SQL_AUTO_IS_NULL=0[0m


Processing ServicesController#create (for 127.0.0.1 at 2009-12-19 00:41:36) [POST]
  Parameters: {"commit"=>"Submit", "service"=>{"title"=>"", "user_attributes"=>{"name"=>"", "password_confirmation"=>"", "password"=>"", "email"=>""}, "attached_files_attributes"=>{"0"=>{"caption"=>""}, "1"=>{"caption"=>""}, "2"=>{"caption"=>""}, "3"=>{"caption"=>""}}, "service_description"=>"", "service_category_id"=>""}, "authenticity_token"=>"5nUa2NFoRsj7L6hYc07RspsDJavFEc8YaYClFLK/0I0="}
  [4;36;1mUser Columns (2.2ms)[0m   [0;1mSHOW FIELDS FROM `users`[0m
  [4;35;1mService Columns (1.8ms)[0m   [0mSHOW FIELDS FROM `services`[0m
  [4;36;1mUser Load (0.3ms)[0m   [0;1mSELECT * FROM `users` WHERE (`users`.`email` = '') LIMIT 1[0m
  [4;35;1mSQL (0.1ms)[0m   [0mBEGIN[0m
  [4;36;1mUser Load (0.2ms)[0m   [0;1mSELECT `users`.id FROM `users` WHERE (LOWER(`users`.`email`) = BINARY '') LIMIT 1[0m
  [4;35;1mUser Load (0.1ms)[0m   [0mSELECT `users`.id FROM `users` WHERE (`users`.`persistence_token` = BINARY '1c763fa776541c7ec45e073c7895cf650b9932dd5a2eb007b070f2bc33d20aabf318c0f7731c529b12fa838589324979d3a1464d6d7130bf683939735500b102') LIMIT 1[0m
  [4;36;1mSQL (0.1ms)[0m   [0;1mROLLBACK[0m
  [4;35;1mAttachedFile Columns (1.6ms)[0m   [0mSHOW FIELDS FROM `attached_files`[0m
Rendering template within layouts/application
Rendering services/new
  [4;36;1mServiceCategory Load (0.3ms)[0m   [0;1mSELECT * FROM `service_categories` WHERE (parent_id IS NULL) ORDER BY name[0m
  [4;35;1mServiceCategory Columns (1.5ms)[0m   [0mSHOW FIELDS FROM `service_categories`[0m
  [4;36;1mServiceCategory Load (0.3ms)[0m   [0;1mSELECT * FROM `service_categories` WHERE (`service_categories`.parent_id = 1) ORDER BY name[0m
  [4;35;1mServiceCategory Load (0.2ms)[0m   [0mSELECT * FROM `service_categories` WHERE (`service_categories`.parent_id = 4) ORDER BY name[0m
Rendered attached_files/_form (1.5ms)
Rendered attached_files/_form (1.4ms)
Rendered attached_files/_form (1.4ms)
Rendered attached_files/_form (1.5ms)
Rendered services/_form (18.9ms)
Rendered layouts/_search_box (0.5ms)
Completed in 63ms (View: 19, DB: 9) | 200 OK [http://localhost/services]
  [4;36;1mSQL (0.1ms)[0m   [0;1mSET NAMES 'utf8'[0m
  [4;35;1mSQL (0.1ms)[0m   [0mSET SQL_AUTO_IS_NULL=0[0m


Processing ApplicationController#index (for 127.0.0.1 at 2009-12-19 00:41:36) [GET]
  Parameters: {"1253661662"=>nil}

ActionController::RoutingError (No route matches "/javascripts/tiny_mce/plugins/filemanager/editor_plugin.js" with {:method=>:get}):
  /opt/local/lib/ruby/1.8/webrick/httpserver.rb:104:in `service'
  /opt/local/lib/ruby/1.8/webrick/httpserver.rb:65:in `run'
  /opt/local/lib/ruby/1.8/webrick/server.rb:173:in `start_thread'
  /opt/local/lib/ruby/1.8/webrick/server.rb:162:in `start'
  /opt/local/lib/ruby/1.8/webrick/server.rb:162:in `start_thread'
  /opt/local/lib/ruby/1.8/webrick/server.rb:95:in `start'
  /opt/local/lib/ruby/1.8/webrick/server.rb:92:in `each'
  /opt/local/lib/ruby/1.8/webrick/server.rb:92:in `start'
  /opt/local/lib/ruby/1.8/webrick/server.rb:23:in `start'
  /opt/local/lib/ruby/1.8/webrick/server.rb:82:in `start'

Rendering rescues/layout (not_found)
  [4;36;1mSQL (0.1ms)[0m   [0;1mSET NAMES 'utf8'[0m
  [4;35;1mSQL (0.1ms)[0m   [0mSET SQL_AUTO_IS_NULL=0[0m


Processing ApplicationController#index (for 127.0.0.1 at 2009-12-19 00:41:36) [GET]
  Parameters: {"1253661662"=>nil}

ActionController::RoutingError (No route matches "/javascripts/tiny_mce/plugins/imagemanager/editor_plugin.js" with {:method=>:get}):
  /opt/local/lib/ruby/1.8/webrick/httpserver.rb:104:in `service'
  /opt/local/lib/ruby/1.8/webrick/httpserver.rb:65:in `run'
  /opt/local/lib/ruby/1.8/webrick/server.rb:173:in `start_thread'
  /opt/local/lib/ruby/1.8/webrick/server.rb:162:in `start'
  /opt/local/lib/ruby/1.8/webrick/server.rb:162:in `start_thread'
  /opt/local/lib/ruby/1.8/webrick/server.rb:95:in `start'
  /opt/local/lib/ruby/1.8/webrick/server.rb:92:in `each'
  /opt/local/lib/ruby/1.8/webrick/server.rb:92:in `start'
  /opt/local/lib/ruby/1.8/webrick/server.rb:23:in `start'
  /opt/local/lib/ruby/1.8/webrick/server.rb:82:in `start'

Rendering rescues/layout (not_found)
  [4;36;1mSQL (0.1ms)[0m   [0;1mSET NAMES 'utf8'[0m
  [4;35;1mSQL (0.1ms)[0m   [0mSET SQL_AUTO_IS_NULL=0[0m


Processing ServicesController#create (for 127.0.0.1 at 2009-12-19 00:43:08) [POST]
  Parameters: {"commit"=>"Submit", "service"=>{"title"=>"", "user_attributes"=>{"name"=>"", "password_confirmation"=>"", "password"=>"", "email"=>""}, "attached_files_attributes"=>{"0"=>{"caption"=>""}, "1"=>{"caption"=>""}, "2"=>{"caption"=>""}, "3"=>{"caption"=>""}}, "service_description"=>"", "service_category_id"=>""}, "authenticity_token"=>"5nUa2NFoRsj7L6hYc07RspsDJavFEc8YaYClFLK/0I0="}
  [4;36;1mUser Columns (2.2ms)[0m   [0;1mSHOW FIELDS FROM `users`[0m
  [4;35;1mService Columns (1.8ms)[0m   [0mSHOW FIELDS FROM `services`[0m
  [4;36;1mUser Load (0.3ms)[0m   [0;1mSELECT * FROM `users` WHERE (`users`.`email` = '') LIMIT 1[0m
  [4;35;1mSQL (0.1ms)[0m   [0mBEGIN[0m
  [4;36;1mUser Load (0.2ms)[0m   [0;1mSELECT `users`.id FROM `users` WHERE (LOWER(`users`.`email`) = BINARY '') LIMIT 1[0m
  [4;35;1mUser Load (0.2ms)[0m   [0mSELECT `users`.id FROM `users` WHERE (`users`.`persistence_token` = BINARY '91a715328de95202b5d45e46b29f0c26f5f3d433d9bec954bbebaed8e9aab742e7a68d196888113d95562c2926cc11f91903123e2259ebcdf8b64c96a75b5348') LIMIT 1[0m
  [4;36;1mSQL (0.1ms)[0m   [0;1mROLLBACK[0m
  [4;35;1mAttachedFile Columns (1.5ms)[0m   [0mSHOW FIELDS FROM `attached_files`[0m
Rendering template within layouts/application
Rendering services/new
  [4;36;1mServiceCategory Load (0.3ms)[0m   [0;1mSELECT * FROM `service_categories` WHERE (parent_id IS NULL) ORDER BY name[0m
  [4;35;1mServiceCategory Columns (1.5ms)[0m   [0mSHOW FIELDS FROM `service_categories`[0m
  [4;36;1mServiceCategory Load (0.3ms)[0m   [0;1mSELECT * FROM `service_categories` WHERE (`service_categories`.parent_id = 1) ORDER BY name[0m
  [4;35;1mServiceCategory Load (0.2ms)[0m   [0mSELECT * FROM `service_categories` WHERE (`service_categories`.parent_id = 4) ORDER BY name[0m
Rendered attached_files/_form (1.4ms)
Rendered attached_files/_form (1.4ms)
Rendered attached_files/_form (1.4ms)
Rendered attached_files/_form (1.4ms)
Rendered services/_form (18.7ms)
Rendered layouts/_search_box (0.5ms)
Completed in 63ms (View: 19, DB: 9) | 200 OK [http://localhost/services]
  [4;36;1mSQL (0.1ms)[0m   [0;1mSET NAMES 'utf8'[0m
  [4;35;1mSQL (0.1ms)[0m   [0mSET SQL_AUTO_IS_NULL=0[0m


Processing ApplicationController#index (for 127.0.0.1 at 2009-12-19 00:43:08) [GET]
  Parameters: {"1253661662"=>nil}

ActionController::RoutingError (No route matches "/javascripts/tiny_mce/plugins/filemanager/editor_plugin.js" with {:method=>:get}):
  /opt/local/lib/ruby/1.8/webrick/httpserver.rb:104:in `service'
  /opt/local/lib/ruby/1.8/webrick/httpserver.rb:65:in `run'
  /opt/local/lib/ruby/1.8/webrick/server.rb:173:in `start_thread'
  /opt/local/lib/ruby/1.8/webrick/server.rb:162:in `start'
  /opt/local/lib/ruby/1.8/webrick/server.rb:162:in `start_thread'
  /opt/local/lib/ruby/1.8/webrick/server.rb:95:in `start'
  /opt/local/lib/ruby/1.8/webrick/server.rb:92:in `each'
  /opt/local/lib/ruby/1.8/webrick/server.rb:92:in `start'
  /opt/local/lib/ruby/1.8/webrick/server.rb:23:in `start'
  /opt/local/lib/ruby/1.8/webrick/server.rb:82:in `start'

Rendering rescues/layout (not_found)
  [4;36;1mSQL (0.1ms)[0m   [0;1mSET NAMES 'utf8'[0m
  [4;35;1mSQL (0.1ms)[0m   [0mSET SQL_AUTO_IS_NULL=0[0m


Processing ApplicationController#index (for 127.0.0.1 at 2009-12-19 00:43:08) [GET]
  Parameters: {"1253661662"=>nil}

ActionController::RoutingError (No route matches "/javascripts/tiny_mce/plugins/imagemanager/editor_plugin.js" with {:method=>:get}):
  /opt/local/lib/ruby/1.8/webrick/httpserver.rb:104:in `service'
  /opt/local/lib/ruby/1.8/webrick/httpserver.rb:65:in `run'
  /opt/local/lib/ruby/1.8/webrick/server.rb:173:in `start_thread'
  /opt/local/lib/ruby/1.8/webrick/server.rb:162:in `start'
  /opt/local/lib/ruby/1.8/webrick/server.rb:162:in `start_thread'
  /opt/local/lib/ruby/1.8/webrick/server.rb:95:in `start'
  /opt/local/lib/ruby/1.8/webrick/server.rb:92:in `each'
  /opt/local/lib/ruby/1.8/webrick/server.rb:92:in `start'
  /opt/local/lib/ruby/1.8/webrick/server.rb:23:in `start'
  /opt/local/lib/ruby/1.8/webrick/server.rb:82:in `start'

Rendering rescues/layout (not_found)
  [4;36;1mSQL (0.1ms)[0m   [0;1mSET NAMES 'utf8'[0m
  [4;35;1mSQL (0.1ms)[0m   [0mSET SQL_AUTO_IS_NULL=0[0m


Processing ServicesController#create (for 127.0.0.1 at 2009-12-19 00:43:47) [POST]
  Parameters: {"commit"=>"Submit", "service"=>{"title"=>"", "user_attributes"=>{"name"=>"", "password_confirmation"=>"", "password"=>"", "email"=>""}, "attached_files_attributes"=>{"0"=>{"caption"=>""}, "1"=>{"caption"=>""}, "2"=>{"caption"=>""}, "3"=>{"caption"=>""}}, "service_description"=>"", "service_category_id"=>""}, "authenticity_token"=>"5nUa2NFoRsj7L6hYc07RspsDJavFEc8YaYClFLK/0I0="}
  [4;36;1mUser Columns (30.0ms)[0m   [0;1mSHOW FIELDS FROM `users`[0m
  [4;35;1mService Columns (2.0ms)[0m   [0mSHOW FIELDS FROM `services`[0m
  [4;36;1mUser Load (0.4ms)[0m   [0;1mSELECT * FROM `users` WHERE (`users`.`email` = '') LIMIT 1[0m
  [4;35;1mSQL (0.1ms)[0m   [0mBEGIN[0m
  [4;36;1mUser Load (0.2ms)[0m   [0;1mSELECT `users`.id FROM `users` WHERE (LOWER(`users`.`email`) = BINARY '') LIMIT 1[0m
  [4;35;1mUser Load (0.2ms)[0m   [0mSELECT `users`.id FROM `users` WHERE (`users`.`persistence_token` = BINARY 'ee28707bdbd85df789b8c990ac63e76588d896f3a19fbfa8a661d70f31618469c216745e84b83c24f44c5eb32f29b75881246837e249bd01ef30c687644725ed') LIMIT 1[0m
  [4;36;1mSQL (0.1ms)[0m   [0;1mROLLBACK[0m
  [4;35;1mAttachedFile Columns (1.7ms)[0m   [0mSHOW FIELDS FROM `attached_files`[0m
Rendering template within layouts/application
Rendering services/new
  [4;36;1mServiceCategory Load (0.4ms)[0m   [0;1mSELECT * FROM `service_categories` WHERE (parent_id IS NULL) ORDER BY name[0m
  [4;35;1mServiceCategory Columns (1.4ms)[0m   [0mSHOW FIELDS FROM `service_categories`[0m
  [4;36;1mServiceCategory Load (0.3ms)[0m   [0;1mSELECT * FROM `service_categories` WHERE (`service_categories`.parent_id = 1) ORDER BY name[0m
  [4;35;1mServiceCategory Load (0.2ms)[0m   [0mSELECT * FROM `service_categories` WHERE (`service_categories`.parent_id = 4) ORDER BY name[0m
Rendered attached_files/_form (1.9ms)
Rendered attached_files/_form (2.0ms)
Rendered attached_files/_form (1.9ms)
Rendered attached_files/_form (1.9ms)
Rendered services/_form (24.7ms)
Rendered layouts/_search_box (0.7ms)
Completed in 106ms (View: 26, DB: 37) | 200 OK [http://localhost/services]
  [4;36;1mSQL (0.1ms)[0m   [0;1mSET NAMES 'utf8'[0m
  [4;35;1mSQL (0.1ms)[0m   [0mSET SQL_AUTO_IS_NULL=0[0m


Processing ApplicationController#index (for 127.0.0.1 at 2009-12-19 00:43:47) [GET]
  Parameters: {"1253661662"=>nil}

ActionController::RoutingError (No route matches "/javascripts/tiny_mce/plugins/filemanager/editor_plugin.js" with {:method=>:get}):
  /opt/local/lib/ruby/1.8/webrick/httpserver.rb:104:in `service'
  /opt/local/lib/ruby/1.8/webrick/httpserver.rb:65:in `run'
  /opt/local/lib/ruby/1.8/webrick/server.rb:173:in `start_thread'
  /opt/local/lib/ruby/1.8/webrick/server.rb:162:in `start'
  /opt/local/lib/ruby/1.8/webrick/server.rb:162:in `start_thread'
  /opt/local/lib/ruby/1.8/webrick/server.rb:95:in `start'
  /opt/local/lib/ruby/1.8/webrick/server.rb:92:in `each'
  /opt/local/lib/ruby/1.8/webrick/server.rb:92:in `start'
  /opt/local/lib/ruby/1.8/webrick/server.rb:23:in `start'
  /opt/local/lib/ruby/1.8/webrick/server.rb:82:in `start'

Rendering rescues/layout (not_found)
  [4;36;1mSQL (0.1ms)[0m   [0;1mSET NAMES 'utf8'[0m
  [4;35;1mSQL (0.1ms)[0m   [0mSET SQL_AUTO_IS_NULL=0[0m


Processing ApplicationController#index (for 127.0.0.1 at 2009-12-19 00:43:47) [GET]
  Parameters: {"1253661662"=>nil}

ActionController::RoutingError (No route matches "/javascripts/tiny_mce/plugins/imagemanager/editor_plugin.js" with {:method=>:get}):
  /opt/local/lib/ruby/1.8/webrick/httpserver.rb:104:in `service'
  /opt/local/lib/ruby/1.8/webrick/httpserver.rb:65:in `run'
  /opt/local/lib/ruby/1.8/webrick/server.rb:173:in `start_thread'
  /opt/local/lib/ruby/1.8/webrick/server.rb:162:in `start'
  /opt/local/lib/ruby/1.8/webrick/server.rb:162:in `start_thread'
  /opt/local/lib/ruby/1.8/webrick/server.rb:95:in `start'
  /opt/local/lib/ruby/1.8/webrick/server.rb:92:in `each'
  /opt/local/lib/ruby/1.8/webrick/server.rb:92:in `start'
  /opt/local/lib/ruby/1.8/webrick/server.rb:23:in `start'
  /opt/local/lib/ruby/1.8/webrick/server.rb:82:in `start'

Rendering rescues/layout (not_found)
  [4;36;1mSQL (0.1ms)[0m   [0;1mSET NAMES 'utf8'[0m
  [4;35;1mSQL (0.1ms)[0m   [0mSET SQL_AUTO_IS_NULL=0[0m


Processing ServicesController#create (for 127.0.0.1 at 2009-12-19 00:45:50) [POST]
  Parameters: {"commit"=>"Submit", "service"=>{"title"=>"", "user_attributes"=>{"name"=>"", "password_confirmation"=>"", "password"=>"", "email"=>""}, "attached_files_attributes"=>{"0"=>{"caption"=>""}, "1"=>{"caption"=>""}, "2"=>{"caption"=>""}, "3"=>{"caption"=>""}}, "service_description"=>"", "service_category_id"=>""}, "authenticity_token"=>"5nUa2NFoRsj7L6hYc07RspsDJavFEc8YaYClFLK/0I0="}
  [4;36;1mUser Columns (7.2ms)[0m   [0;1mSHOW FIELDS FROM `users`[0m
  [4;35;1mService Columns (7.0ms)[0m   [0mSHOW FIELDS FROM `services`[0m
  [4;36;1mUser Load (85.9ms)[0m   [0;1mSELECT * FROM `users` WHERE (`users`.`email` = '') LIMIT 1[0m
  [4;35;1mSQL (0.1ms)[0m   [0mBEGIN[0m
  [4;36;1mUser Load (0.2ms)[0m   [0;1mSELECT `users`.id FROM `users` WHERE (LOWER(`users`.`email`) = BINARY '') LIMIT 1[0m
  [4;35;1mUser Load (0.2ms)[0m   [0mSELECT `users`.id FROM `users` WHERE (`users`.`persistence_token` = BINARY '15aabdfa0b9d06c04b9705503ffd3890b6e0dfa41344d4b901abbaea2603b7d040ed169b2fb863556e9d5a5bf1a66679a69ab94e57a08b7479d9b320537d85f1') LIMIT 1[0m
  [4;36;1mSQL (0.1ms)[0m   [0;1mROLLBACK[0m
  [4;35;1mAttachedFile Columns (7.0ms)[0m   [0mSHOW FIELDS FROM `attached_files`[0m
Rendering template within layouts/application
Rendering services/new
  [4;36;1mServiceCategory Load (0.4ms)[0m   [0;1mSELECT * FROM `service_categories` WHERE (parent_id IS NULL) ORDER BY name[0m
  [4;35;1mServiceCategory Columns (17.6ms)[0m   [0mSHOW FIELDS FROM `service_categories`[0m
  [4;36;1mServiceCategory Load (0.4ms)[0m   [0;1mSELECT * FROM `service_categories` WHERE (`service_categories`.parent_id = 1) ORDER BY name[0m
  [4;35;1mServiceCategory Load (0.3ms)[0m   [0mSELECT * FROM `service_categories` WHERE (`service_categories`.parent_id = 4) ORDER BY name[0m
Rendered attached_files/_form (2.2ms)
Rendered attached_files/_form (2.2ms)
Rendered attached_files/_form (1.9ms)
Rendered attached_files/_form (1.9ms)
Rendered services/_form (41.4ms)
Rendered layouts/_search_box (0.7ms)
Completed in 255ms (View: 26, DB: 127) | 200 OK [http://localhost/services]
  [4;36;1mSQL (0.1ms)[0m   [0;1mSET NAMES 'utf8'[0m
  [4;35;1mSQL (0.1ms)[0m   [0mSET SQL_AUTO_IS_NULL=0[0m


Processing ApplicationController#index (for 127.0.0.1 at 2009-12-19 00:45:51) [GET]
  Parameters: {"1253661662"=>nil}

ActionController::RoutingError (No route matches "/javascripts/tiny_mce/plugins/imagemanager/editor_plugin.js" with {:method=>:get}):
  /opt/local/lib/ruby/1.8/webrick/httpserver.rb:104:in `service'
  /opt/local/lib/ruby/1.8/webrick/httpserver.rb:65:in `run'
  /opt/local/lib/ruby/1.8/webrick/server.rb:173:in `start_thread'
  /opt/local/lib/ruby/1.8/webrick/server.rb:162:in `start'
  /opt/local/lib/ruby/1.8/webrick/server.rb:162:in `start_thread'
  /opt/local/lib/ruby/1.8/webrick/server.rb:95:in `start'
  /opt/local/lib/ruby/1.8/webrick/server.rb:92:in `each'
  /opt/local/lib/ruby/1.8/webrick/server.rb:92:in `start'
  /opt/local/lib/ruby/1.8/webrick/server.rb:23:in `start'
  /opt/local/lib/ruby/1.8/webrick/server.rb:82:in `start'

Rendering rescues/layout (not_found)
  [4;36;1mSQL (0.2ms)[0m   [0;1mSET NAMES 'utf8'[0m
  [4;35;1mSQL (0.1ms)[0m   [0mSET SQL_AUTO_IS_NULL=0[0m


Processing ApplicationController#index (for 127.0.0.1 at 2009-12-19 00:45:51) [GET]
  Parameters: {"1253661662"=>nil}

ActionController::RoutingError (No route matches "/javascripts/tiny_mce/plugins/filemanager/editor_plugin.js" with {:method=>:get}):
  /opt/local/lib/ruby/1.8/webrick/httpserver.rb:104:in `service'
  /opt/local/lib/ruby/1.8/webrick/httpserver.rb:65:in `run'
  /opt/local/lib/ruby/1.8/webrick/server.rb:173:in `start_thread'
  /opt/local/lib/ruby/1.8/webrick/server.rb:162:in `start'
  /opt/local/lib/ruby/1.8/webrick/server.rb:162:in `start_thread'
  /opt/local/lib/ruby/1.8/webrick/server.rb:95:in `start'
  /opt/local/lib/ruby/1.8/webrick/server.rb:92:in `each'
  /opt/local/lib/ruby/1.8/webrick/server.rb:92:in `start'
  /opt/local/lib/ruby/1.8/webrick/server.rb:23:in `start'
  /opt/local/lib/ruby/1.8/webrick/server.rb:82:in `start'

Rendering rescues/layout (not_found)
  [4;36;1mSQL (0.1ms)[0m   [0;1mSET NAMES 'utf8'[0m
  [4;35;1mSQL (0.1ms)[0m   [0mSET SQL_AUTO_IS_NULL=0[0m


Processing ServicesController#create (for 127.0.0.1 at 2009-12-19 00:46:44) [POST]
  Parameters: {"commit"=>"Submit", "service"=>{"title"=>"", "user_attributes"=>{"name"=>"", "password_confirmation"=>"", "password"=>"", "email"=>""}, "attached_files_attributes"=>{"0"=>{"caption"=>""}, "1"=>{"caption"=>""}, "2"=>{"caption"=>""}, "3"=>{"caption"=>""}}, "service_description"=>"", "service_category_id"=>""}, "authenticity_token"=>"5nUa2NFoRsj7L6hYc07RspsDJavFEc8YaYClFLK/0I0="}
  [4;36;1mUser Columns (2.2ms)[0m   [0;1mSHOW FIELDS FROM `users`[0m
  [4;35;1mService Columns (1.7ms)[0m   [0mSHOW FIELDS FROM `services`[0m
  [4;36;1mUser Load (0.3ms)[0m   [0;1mSELECT * FROM `users` WHERE (`users`.`email` = '') LIMIT 1[0m
  [4;35;1mSQL (0.1ms)[0m   [0mBEGIN[0m
  [4;36;1mUser Load (0.2ms)[0m   [0;1mSELECT `users`.id FROM `users` WHERE (LOWER(`users`.`email`) = BINARY '') LIMIT 1[0m
  [4;35;1mUser Load (0.1ms)[0m   [0mSELECT `users`.id FROM `users` WHERE (`users`.`persistence_token` = BINARY 'dc3ed2b8e6ec4715b384c3b9f5ddfe0a104fdd4fbc22d0b6f644c7d4fcf4c18a21e9b5da7d2b7e6480a2d6e7a78b55f03d4ecb33756c347ea186f50ddaac3b86') LIMIT 1[0m
  [4;36;1mSQL (0.2ms)[0m   [0;1mROLLBACK[0m
  [4;35;1mAttachedFile Columns (1.5ms)[0m   [0mSHOW FIELDS FROM `attached_files`[0m
Rendering template within layouts/application
Rendering services/new
  [4;36;1mServiceCategory Load (0.3ms)[0m   [0;1mSELECT * FROM `service_categories` WHERE (parent_id IS NULL) ORDER BY name[0m
  [4;35;1mServiceCategory Columns (1.4ms)[0m   [0mSHOW FIELDS FROM `service_categories`[0m
  [4;36;1mServiceCategory Load (0.3ms)[0m   [0;1mSELECT * FROM `service_categories` WHERE (`service_categories`.parent_id = 1) ORDER BY name[0m
  [4;35;1mServiceCategory Load (0.2ms)[0m   [0mSELECT * FROM `service_categories` WHERE (`service_categories`.parent_id = 4) ORDER BY name[0m
Rendered attached_files/_form (1.6ms)
Rendered attached_files/_form (1.4ms)
Rendered attached_files/_form (1.5ms)
Rendered attached_files/_form (1.4ms)
Rendered services/_form (20.1ms)
Rendered layouts/_search_box (0.5ms)
Completed in 123ms (View: 20, DB: 9) | 200 OK [http://localhost/services]
  [4;36;1mSQL (0.1ms)[0m   [0;1mSET NAMES 'utf8'[0m
  [4;35;1mSQL (0.1ms)[0m   [0mSET SQL_AUTO_IS_NULL=0[0m


Processing ApplicationController#index (for 127.0.0.1 at 2009-12-19 00:46:45) [GET]
  Parameters: {"1253661662"=>nil}

ActionController::RoutingError (No route matches "/javascripts/tiny_mce/plugins/filemanager/editor_plugin.js" with {:method=>:get}):
  /opt/local/lib/ruby/1.8/webrick/httpserver.rb:104:in `service'
  /opt/local/lib/ruby/1.8/webrick/httpserver.rb:65:in `run'
  /opt/local/lib/ruby/1.8/webrick/server.rb:173:in `start_thread'
  /opt/local/lib/ruby/1.8/webrick/server.rb:162:in `start'
  /opt/local/lib/ruby/1.8/webrick/server.rb:162:in `start_thread'
  /opt/local/lib/ruby/1.8/webrick/server.rb:95:in `start'
  /opt/local/lib/ruby/1.8/webrick/server.rb:92:in `each'
  /opt/local/lib/ruby/1.8/webrick/server.rb:92:in `start'
  /opt/local/lib/ruby/1.8/webrick/server.rb:23:in `start'
  /opt/local/lib/ruby/1.8/webrick/server.rb:82:in `start'

Rendering rescues/layout (not_found)
  [4;36;1mSQL (0.1ms)[0m   [0;1mSET NAMES 'utf8'[0m
  [4;35;1mSQL (0.1ms)[0m   [0mSET SQL_AUTO_IS_NULL=0[0m


Processing ApplicationController#index (for 127.0.0.1 at 2009-12-19 00:46:45) [GET]
  Parameters: {"1253661662"=>nil}

ActionController::RoutingError (No route matches "/javascripts/tiny_mce/plugins/imagemanager/editor_plugin.js" with {:method=>:get}):
  /opt/local/lib/ruby/1.8/webrick/httpserver.rb:104:in `service'
  /opt/local/lib/ruby/1.8/webrick/httpserver.rb:65:in `run'
  /opt/local/lib/ruby/1.8/webrick/server.rb:173:in `start_thread'
  /opt/local/lib/ruby/1.8/webrick/server.rb:162:in `start'
  /opt/local/lib/ruby/1.8/webrick/server.rb:162:in `start_thread'
  /opt/local/lib/ruby/1.8/webrick/server.rb:95:in `start'
  /opt/local/lib/ruby/1.8/webrick/server.rb:92:in `each'
  /opt/local/lib/ruby/1.8/webrick/server.rb:92:in `start'
  /opt/local/lib/ruby/1.8/webrick/server.rb:23:in `start'
  /opt/local/lib/ruby/1.8/webrick/server.rb:82:in `start'

Rendering rescues/layout (not_found)
  [4;36;1mSQL (0.1ms)[0m   [0;1mSET NAMES 'utf8'[0m
  [4;35;1mSQL (0.1ms)[0m   [0mSET SQL_AUTO_IS_NULL=0[0m


Processing ServicesController#create (for 127.0.0.1 at 2009-12-19 00:47:43) [POST]
  Parameters: {"commit"=>"Submit", "service"=>{"title"=>"", "user_attributes"=>{"name"=>"", "password_confirmation"=>"", "password"=>"", "email"=>""}, "attached_files_attributes"=>{"0"=>{"caption"=>""}, "1"=>{"caption"=>""}, "2"=>{"caption"=>""}, "3"=>{"caption"=>""}}, "service_description"=>"", "service_category_id"=>""}, "authenticity_token"=>"5nUa2NFoRsj7L6hYc07RspsDJavFEc8YaYClFLK/0I0="}
  [4;36;1mUser Columns (2.2ms)[0m   [0;1mSHOW FIELDS FROM `users`[0m
  [4;35;1mService Columns (1.8ms)[0m   [0mSHOW FIELDS FROM `services`[0m
  [4;36;1mUser Load (0.3ms)[0m   [0;1mSELECT * FROM `users` WHERE (`users`.`email` = '') LIMIT 1[0m
  [4;35;1mSQL (0.1ms)[0m   [0mBEGIN[0m
  [4;36;1mUser Load (0.2ms)[0m   [0;1mSELECT `users`.id FROM `users` WHERE (LOWER(`users`.`email`) = BINARY '') LIMIT 1[0m
  [4;35;1mUser Load (0.1ms)[0m   [0mSELECT `users`.id FROM `users` WHERE (`users`.`persistence_token` = BINARY 'd242ec043da95256315ff1ba06678f5c15034ed588822b37a68ebb9fa28c1e0f1a9d3de8abd3c41bd05714bc37216b8008bd13fa32a59b34c6d2235b3aca40b3') LIMIT 1[0m
  [4;36;1mSQL (0.1ms)[0m   [0;1mROLLBACK[0m
  [4;35;1mAttachedFile Columns (1.5ms)[0m   [0mSHOW FIELDS FROM `attached_files`[0m
Rendering template within layouts/application
Rendering services/new
  [4;36;1mServiceCategory Load (0.3ms)[0m   [0;1mSELECT * FROM `service_categories` WHERE (parent_id IS NULL) ORDER BY name[0m
  [4;35;1mServiceCategory Columns (1.4ms)[0m   [0mSHOW FIELDS FROM `service_categories`[0m
  [4;36;1mServiceCategory Load (0.3ms)[0m   [0;1mSELECT * FROM `service_categories` WHERE (`service_categories`.parent_id = 1) ORDER BY name[0m
  [4;35;1mServiceCategory Load (0.2ms)[0m   [0mSELECT * FROM `service_categories` WHERE (`service_categories`.parent_id = 4) ORDER BY name[0m
Rendered attached_files/_form (1.4ms)
Rendered attached_files/_form (1.4ms)
Rendered attached_files/_form (1.4ms)
Rendered attached_files/_form (1.4ms)
Rendered services/_form (18.8ms)
Rendered layouts/_search_box (0.5ms)
Completed in 67ms (View: 19, DB: 9) | 200 OK [http://localhost/services]
  [4;36;1mSQL (0.1ms)[0m   [0;1mSET NAMES 'utf8'[0m
  [4;35;1mSQL (0.1ms)[0m   [0mSET SQL_AUTO_IS_NULL=0[0m


Processing ApplicationController#index (for 127.0.0.1 at 2009-12-19 00:47:44) [GET]
  Parameters: {"1253661662"=>nil}

ActionController::RoutingError (No route matches "/javascripts/tiny_mce/plugins/filemanager/editor_plugin.js" with {:method=>:get}):
  /opt/local/lib/ruby/1.8/webrick/httpserver.rb:104:in `service'
  /opt/local/lib/ruby/1.8/webrick/httpserver.rb:65:in `run'
  /opt/local/lib/ruby/1.8/webrick/server.rb:173:in `start_thread'
  /opt/local/lib/ruby/1.8/webrick/server.rb:162:in `start'
  /opt/local/lib/ruby/1.8/webrick/server.rb:162:in `start_thread'
  /opt/local/lib/ruby/1.8/webrick/server.rb:95:in `start'
  /opt/local/lib/ruby/1.8/webrick/server.rb:92:in `each'
  /opt/local/lib/ruby/1.8/webrick/server.rb:92:in `start'
  /opt/local/lib/ruby/1.8/webrick/server.rb:23:in `start'
  /opt/local/lib/ruby/1.8/webrick/server.rb:82:in `start'

Rendering rescues/layout (not_found)
  [4;36;1mSQL (0.1ms)[0m   [0;1mSET NAMES 'utf8'[0m
  [4;35;1mSQL (0.1ms)[0m   [0mSET SQL_AUTO_IS_NULL=0[0m


Processing ApplicationController#index (for 127.0.0.1 at 2009-12-19 00:47:44) [GET]
  Parameters: {"1253661662"=>nil}

ActionController::RoutingError (No route matches "/javascripts/tiny_mce/plugins/imagemanager/editor_plugin.js" with {:method=>:get}):
  /opt/local/lib/ruby/1.8/webrick/httpserver.rb:104:in `service'
  /opt/local/lib/ruby/1.8/webrick/httpserver.rb:65:in `run'
  /opt/local/lib/ruby/1.8/webrick/server.rb:173:in `start_thread'
  /opt/local/lib/ruby/1.8/webrick/server.rb:162:in `start'
  /opt/local/lib/ruby/1.8/webrick/server.rb:162:in `start_thread'
  /opt/local/lib/ruby/1.8/webrick/server.rb:95:in `start'
  /opt/local/lib/ruby/1.8/webrick/server.rb:92:in `each'
  /opt/local/lib/ruby/1.8/webrick/server.rb:92:in `start'
  /opt/local/lib/ruby/1.8/webrick/server.rb:23:in `start'
  /opt/local/lib/ruby/1.8/webrick/server.rb:82:in `start'

Rendering rescues/layout (not_found)
  [4;36;1mSQL (0.1ms)[0m   [0;1mSET NAMES 'utf8'[0m
  [4;35;1mSQL (0.1ms)[0m   [0mSET SQL_AUTO_IS_NULL=0[0m


Processing ServicesController#create (for 127.0.0.1 at 2009-12-19 00:48:57) [POST]
  Parameters: {"commit"=>"Submit", "service"=>{"title"=>"", "user_attributes"=>{"name"=>"", "password_confirmation"=>"", "password"=>"", "email"=>""}, "attached_files_attributes"=>{"0"=>{"caption"=>""}, "1"=>{"caption"=>""}, "2"=>{"caption"=>""}, "3"=>{"caption"=>""}}, "service_description"=>"", "service_category_id"=>""}, "authenticity_token"=>"5nUa2NFoRsj7L6hYc07RspsDJavFEc8YaYClFLK/0I0="}
  [4;36;1mUser Columns (1.9ms)[0m   [0;1mSHOW FIELDS FROM `users`[0m
  [4;35;1mService Columns (1.7ms)[0m   [0mSHOW FIELDS FROM `services`[0m
  [4;36;1mUser Load (0.3ms)[0m   [0;1mSELECT * FROM `users` WHERE (`users`.`email` = '') LIMIT 1[0m
  [4;35;1mSQL (0.1ms)[0m   [0mBEGIN[0m
  [4;36;1mUser Load (0.2ms)[0m   [0;1mSELECT `users`.id FROM `users` WHERE (LOWER(`users`.`email`) = BINARY '') LIMIT 1[0m
  [4;35;1mUser Load (0.1ms)[0m   [0mSELECT `users`.id FROM `users` WHERE (`users`.`persistence_token` = BINARY '6e74eac6a6608868063e7c082167dcb0ff6e31fee603f9a1afd0f845398fce23bd2a377b58cbc6d96b9eb5e001ee82a1410adaae2bbdb1e106eae9cc39e0cdc5') LIMIT 1[0m
  [4;36;1mSQL (0.1ms)[0m   [0;1mROLLBACK[0m
  [4;35;1mAttachedFile Columns (1.6ms)[0m   [0mSHOW FIELDS FROM `attached_files`[0m
Rendering template within layouts/application
Rendering services/new
  [4;36;1mServiceCategory Load (0.4ms)[0m   [0;1mSELECT * FROM `service_categories` WHERE (parent_id IS NULL) ORDER BY name[0m
  [4;35;1mServiceCategory Columns (1.7ms)[0m   [0mSHOW FIELDS FROM `service_categories`[0m
  [4;36;1mServiceCategory Load (0.3ms)[0m   [0;1mSELECT * FROM `service_categories` WHERE (`service_categories`.parent_id = 1) ORDER BY name[0m
  [4;35;1mServiceCategory Load (0.2ms)[0m   [0mSELECT * FROM `service_categories` WHERE (`service_categories`.parent_id = 4) ORDER BY name[0m
Rendered attached_files/_form (1.5ms)
Rendered attached_files/_form (1.5ms)
Rendered attached_files/_form (1.4ms)
Rendered attached_files/_form (1.4ms)
Rendered services/_form (19.8ms)
Rendered layouts/_search_box (0.5ms)
Completed in 68ms (View: 19, DB: 9) | 200 OK [http://localhost/services]
  [4;36;1mSQL (0.1ms)[0m   [0;1mSET NAMES 'utf8'[0m
  [4;35;1mSQL (0.1ms)[0m   [0mSET SQL_AUTO_IS_NULL=0[0m


Processing ApplicationController#index (for 127.0.0.1 at 2009-12-19 00:48:58) [GET]
  Parameters: {"1253661662"=>nil}

ActionController::RoutingError (No route matches "/javascripts/tiny_mce/plugins/imagemanager/editor_plugin.js" with {:method=>:get}):
  /opt/local/lib/ruby/1.8/webrick/httpserver.rb:104:in `service'
  /opt/local/lib/ruby/1.8/webrick/httpserver.rb:65:in `run'
  /opt/local/lib/ruby/1.8/webrick/server.rb:173:in `start_thread'
  /opt/local/lib/ruby/1.8/webrick/server.rb:162:in `start'
  /opt/local/lib/ruby/1.8/webrick/server.rb:162:in `start_thread'
  /opt/local/lib/ruby/1.8/webrick/server.rb:95:in `start'
  /opt/local/lib/ruby/1.8/webrick/server.rb:92:in `each'
  /opt/local/lib/ruby/1.8/webrick/server.rb:92:in `start'
  /opt/local/lib/ruby/1.8/webrick/server.rb:23:in `start'
  /opt/local/lib/ruby/1.8/webrick/server.rb:82:in `start'

Rendering rescues/layout (not_found)
  [4;36;1mSQL (0.1ms)[0m   [0;1mSET NAMES 'utf8'[0m
  [4;35;1mSQL (0.1ms)[0m   [0mSET SQL_AUTO_IS_NULL=0[0m


Processing ApplicationController#index (for 127.0.0.1 at 2009-12-19 00:48:58) [GET]
  Parameters: {"1253661662"=>nil}

ActionController::RoutingError (No route matches "/javascripts/tiny_mce/plugins/filemanager/editor_plugin.js" with {:method=>:get}):
  /opt/local/lib/ruby/1.8/webrick/httpserver.rb:104:in `service'
  /opt/local/lib/ruby/1.8/webrick/httpserver.rb:65:in `run'
  /opt/local/lib/ruby/1.8/webrick/server.rb:173:in `start_thread'
  /opt/local/lib/ruby/1.8/webrick/server.rb:162:in `start'
  /opt/local/lib/ruby/1.8/webrick/server.rb:162:in `start_thread'
  /opt/local/lib/ruby/1.8/webrick/server.rb:95:in `start'
  /opt/local/lib/ruby/1.8/webrick/server.rb:92:in `each'
  /opt/local/lib/ruby/1.8/webrick/server.rb:92:in `start'
  /opt/local/lib/ruby/1.8/webrick/server.rb:23:in `start'
  /opt/local/lib/ruby/1.8/webrick/server.rb:82:in `start'

Rendering rescues/layout (not_found)
  [4;36;1mSQL (0.1ms)[0m   [0;1mSET NAMES 'utf8'[0m
  [4;35;1mSQL (0.1ms)[0m   [0mSET SQL_AUTO_IS_NULL=0[0m


Processing ServicesController#create (for 127.0.0.1 at 2009-12-19 00:49:02) [POST]
  Parameters: {"commit"=>"Submit", "service"=>{"title"=>"", "user_attributes"=>{"name"=>"", "password_confirmation"=>"", "password"=>"", "email"=>""}, "attached_files_attributes"=>{"0"=>{"caption"=>""}, "1"=>{"caption"=>""}, "2"=>{"caption"=>""}, "3"=>{"caption"=>""}}, "service_description"=>"", "service_category_id"=>""}, "authenticity_token"=>"5nUa2NFoRsj7L6hYc07RspsDJavFEc8YaYClFLK/0I0="}
  [4;36;1mUser Columns (2.3ms)[0m   [0;1mSHOW FIELDS FROM `users`[0m
  [4;35;1mService Columns (1.8ms)[0m   [0mSHOW FIELDS FROM `services`[0m
  [4;36;1mUser Load (0.3ms)[0m   [0;1mSELECT * FROM `users` WHERE (`users`.`email` = '') LIMIT 1[0m
  [4;35;1mSQL (0.1ms)[0m   [0mBEGIN[0m
  [4;36;1mUser Load (0.2ms)[0m   [0;1mSELECT `users`.id FROM `users` WHERE (LOWER(`users`.`email`) = BINARY '') LIMIT 1[0m
  [4;35;1mUser Load (0.1ms)[0m   [0mSELECT `users`.id FROM `users` WHERE (`users`.`persistence_token` = BINARY 'cf180913b1bc367ce06893fdee0f1fd14e02de763e254b52741a218ac0abda96e10185c88a3de2301bbb94bda09e0337f27d96337946c8d5e61d8c4a40997d2a') LIMIT 1[0m
  [4;36;1mSQL (0.1ms)[0m   [0;1mROLLBACK[0m
  [4;35;1mAttachedFile Columns (1.4ms)[0m   [0mSHOW FIELDS FROM `attached_files`[0m
Rendering template within layouts/application
Rendering services/new
  [4;36;1mServiceCategory Load (0.3ms)[0m   [0;1mSELECT * FROM `service_categories` WHERE (parent_id IS NULL) ORDER BY name[0m
  [4;35;1mServiceCategory Columns (1.4ms)[0m   [0mSHOW FIELDS FROM `service_categories`[0m
  [4;36;1mServiceCategory Load (0.4ms)[0m   [0;1mSELECT * FROM `service_categories` WHERE (`service_categories`.parent_id = 1) ORDER BY name[0m
  [4;35;1mServiceCategory Load (0.2ms)[0m   [0mSELECT * FROM `service_categories` WHERE (`service_categories`.parent_id = 4) ORDER BY name[0m
Rendered attached_files/_form (1.4ms)
Rendered attached_files/_form (1.4ms)
Rendered attached_files/_form (1.4ms)
Rendered attached_files/_form (1.4ms)
Rendered services/_form (19.3ms)
Rendered layouts/_search_box (0.5ms)
Completed in 69ms (View: 19, DB: 9) | 200 OK [http://localhost/services]
  [4;36;1mSQL (0.1ms)[0m   [0;1mSET NAMES 'utf8'[0m
  [4;35;1mSQL (0.1ms)[0m   [0mSET SQL_AUTO_IS_NULL=0[0m


Processing ApplicationController#index (for 127.0.0.1 at 2009-12-19 00:49:02) [GET]
  Parameters: {"1253661662"=>nil}

ActionController::RoutingError (No route matches "/javascripts/tiny_mce/plugins/filemanager/editor_plugin.js" with {:method=>:get}):
  /opt/local/lib/ruby/1.8/webrick/httpserver.rb:104:in `service'
  /opt/local/lib/ruby/1.8/webrick/httpserver.rb:65:in `run'
  /opt/local/lib/ruby/1.8/webrick/server.rb:173:in `start_thread'
  /opt/local/lib/ruby/1.8/webrick/server.rb:162:in `start'
  /opt/local/lib/ruby/1.8/webrick/server.rb:162:in `start_thread'
  /opt/local/lib/ruby/1.8/webrick/server.rb:95:in `start'
  /opt/local/lib/ruby/1.8/webrick/server.rb:92:in `each'
  /opt/local/lib/ruby/1.8/webrick/server.rb:92:in `start'
  /opt/local/lib/ruby/1.8/webrick/server.rb:23:in `start'
  /opt/local/lib/ruby/1.8/webrick/server.rb:82:in `start'

Rendering rescues/layout (not_found)
  [4;36;1mSQL (0.1ms)[0m   [0;1mSET NAMES 'utf8'[0m
  [4;35;1mSQL (0.1ms)[0m   [0mSET SQL_AUTO_IS_NULL=0[0m


Processing ApplicationController#index (for 127.0.0.1 at 2009-12-19 00:49:02) [GET]
  Parameters: {"1253661662"=>nil}

ActionController::RoutingError (No route matches "/javascripts/tiny_mce/plugins/imagemanager/editor_plugin.js" with {:method=>:get}):
  /opt/local/lib/ruby/1.8/webrick/httpserver.rb:104:in `service'
  /opt/local/lib/ruby/1.8/webrick/httpserver.rb:65:in `run'
  /opt/local/lib/ruby/1.8/webrick/server.rb:173:in `start_thread'
  /opt/local/lib/ruby/1.8/webrick/server.rb:162:in `start'
  /opt/local/lib/ruby/1.8/webrick/server.rb:162:in `start_thread'
  /opt/local/lib/ruby/1.8/webrick/server.rb:95:in `start'
  /opt/local/lib/ruby/1.8/webrick/server.rb:92:in `each'
  /opt/local/lib/ruby/1.8/webrick/server.rb:92:in `start'
  /opt/local/lib/ruby/1.8/webrick/server.rb:23:in `start'
  /opt/local/lib/ruby/1.8/webrick/server.rb:82:in `start'

Rendering rescues/layout (not_found)
  [4;36;1mSQL (0.1ms)[0m   [0;1mSET NAMES 'utf8'[0m
  [4;35;1mSQL (0.1ms)[0m   [0mSET SQL_AUTO_IS_NULL=0[0m


Processing ServicesController#index (for 127.0.0.1 at 2009-12-19 00:49:14) [GET]
  [4;36;1mUser Columns (2.3ms)[0m   [0;1mSHOW FIELDS FROM `users`[0m
  [4;35;1mService Load (0.8ms)[0m   [0mSELECT * FROM `services` [0m
Rendering template within layouts/application
Rendering services/index
  [4;36;1mService Columns (1.8ms)[0m   [0;1mSHOW FIELDS FROM `services`[0m
  [4;35;1mAttachedFile Load (0.2ms)[0m   [0mSELECT * FROM `attached_files` WHERE (`attached_files`.service_id = 8) [0m
  [4;36;1mAttachedFile Columns (1.3ms)[0m   [0;1mSHOW FIELDS FROM `attached_files`[0m
  [4;35;1mUser Load (0.3ms)[0m   [0mSELECT * FROM `users` WHERE (`users`.`id` = 13) [0m
  [4;36;1mRating Load (0.4ms)[0m   [0;1mSELECT * FROM `ratings` WHERE (rateable_id = 8 AND rateable_type = 'Service') [0m
  [4;35;1mSQL (0.2ms)[0m   [0mSELECT count(*) AS count_all FROM `ratings` WHERE (`ratings`.rateable_id = 8 AND `ratings`.rateable_type = 'Service') [0m
  [4;36;1mCACHE (0.0ms)[0m   [0;1mSELECT * FROM `ratings` WHERE (rateable_id = 8 AND rateable_type = 'Service') [0m
  [4;35;1mCACHE (0.0ms)[0m   [0mSELECT count(*) AS count_all FROM `ratings` WHERE (`ratings`.rateable_id = 8 AND `ratings`.rateable_type = 'Service') [0m
Rendered ratings/_rating (12.6ms)
  [4;36;1mAttachedFile Load (0.2ms)[0m   [0;1mSELECT * FROM `attached_files` WHERE (`attached_files`.service_id = 9) [0m
  [4;35;1mCACHE (0.0ms)[0m   [0mSELECT * FROM `users` WHERE (`users`.`id` = 13) [0m
  [4;36;1mRating Load (0.3ms)[0m   [0;1mSELECT * FROM `ratings` WHERE (rateable_id = 9 AND rateable_type = 'Service') [0m
  [4;35;1mSQL (0.2ms)[0m   [0mSELECT count(*) AS count_all FROM `ratings` WHERE (`ratings`.rateable_id = 9 AND `ratings`.rateable_type = 'Service') [0m
  [4;36;1mCACHE (0.0ms)[0m   [0;1mSELECT * FROM `ratings` WHERE (rateable_id = 9 AND rateable_type = 'Service') [0m
  [4;35;1mCACHE (0.0ms)[0m   [0mSELECT count(*) AS count_all FROM `ratings` WHERE (`ratings`.rateable_id = 9 AND `ratings`.rateable_type = 'Service') [0m
Rendered ratings/_rating (10.9ms)
  [4;36;1mAttachedFile Load (0.2ms)[0m   [0;1mSELECT * FROM `attached_files` WHERE (`attached_files`.service_id = 10) [0m
  [4;35;1mCACHE (0.0ms)[0m   [0mSELECT * FROM `users` WHERE (`users`.`id` = 13) [0m
  [4;36;1mRating Load (0.4ms)[0m   [0;1mSELECT * FROM `ratings` WHERE (rateable_id = 10 AND rateable_type = 'Service') [0m
  [4;35;1mSQL (0.2ms)[0m   [0mSELECT count(*) AS count_all FROM `ratings` WHERE (`ratings`.rateable_id = 10 AND `ratings`.rateable_type = 'Service') [0m
Rendered ratings/_rating (11.1ms)
  [4;36;1mAttachedFile Load (0.2ms)[0m   [0;1mSELECT * FROM `attached_files` WHERE (`attached_files`.service_id = 11) [0m
  [4;35;1mCACHE (0.0ms)[0m   [0mSELECT * FROM `users` WHERE (`users`.`id` = 13) [0m
  [4;36;1mRating Load (0.3ms)[0m   [0;1mSELECT * FROM `ratings` WHERE (rateable_id = 11 AND rateable_type = 'Service') [0m
  [4;35;1mSQL (0.2ms)[0m   [0mSELECT count(*) AS count_all FROM `ratings` WHERE (`ratings`.rateable_id = 11 AND `ratings`.rateable_type = 'Service') [0m
  [4;36;1mCACHE (0.0ms)[0m   [0;1mSELECT * FROM `ratings` WHERE (rateable_id = 11 AND rateable_type = 'Service') [0m
  [4;35;1mCACHE (0.0ms)[0m   [0mSELECT count(*) AS count_all FROM `ratings` WHERE (`ratings`.rateable_id = 11 AND `ratings`.rateable_type = 'Service') [0m
Rendered ratings/_rating (11.3ms)
  [4;36;1mAttachedFile Load (0.2ms)[0m   [0;1mSELECT * FROM `attached_files` WHERE (`attached_files`.service_id = 12) [0m
  [4;35;1mCACHE (0.0ms)[0m   [0mSELECT * FROM `users` WHERE (`users`.`id` = 13) [0m
  [4;36;1mRating Load (0.4ms)[0m   [0;1mSELECT * FROM `ratings` WHERE (rateable_id = 12 AND rateable_type = 'Service') [0m
  [4;35;1mSQL (0.2ms)[0m   [0mSELECT count(*) AS count_all FROM `ratings` WHERE (`ratings`.rateable_id = 12 AND `ratings`.rateable_type = 'Service') [0m
  [4;36;1mCACHE (0.0ms)[0m   [0;1mSELECT * FROM `ratings` WHERE (rateable_id = 12 AND rateable_type = 'Service') [0m
  [4;35;1mCACHE (0.0ms)[0m   [0mSELECT count(*) AS count_all FROM `ratings` WHERE (`ratings`.rateable_id = 12 AND `ratings`.rateable_type = 'Service') [0m
Rendered ratings/_rating (13.5ms)
  [4;36;1mAttachedFile Load (0.2ms)[0m   [0;1mSELECT * FROM `attached_files` WHERE (`attached_files`.service_id = 13) [0m
  [4;35;1mCACHE (0.0ms)[0m   [0mSELECT * FROM `users` WHERE (`users`.`id` = 13) [0m
  [4;36;1mRating Load (0.3ms)[0m   [0;1mSELECT * FROM `ratings` WHERE (rateable_id = 13 AND rateable_type = 'Service') [0m
  [4;35;1mSQL (0.2ms)[0m   [0mSELECT count(*) AS count_all FROM `ratings` WHERE (`ratings`.rateable_id = 13 AND `ratings`.rateable_type = 'Service') [0m
  [4;36;1mCACHE (0.0ms)[0m   [0;1mSELECT * FROM `ratings` WHERE (rateable_id = 13 AND rateable_type = 'Service') [0m
  [4;35;1mCACHE (0.0ms)[0m   [0mSELECT count(*) AS count_all FROM `ratings` WHERE (`ratings`.rateable_id = 13 AND `ratings`.rateable_type = 'Service') [0m
Rendered ratings/_rating (11.8ms)
  [4;36;1mAttachedFile Load (0.2ms)[0m   [0;1mSELECT * FROM `attached_files` WHERE (`attached_files`.service_id = 14) [0m
  [4;35;1mUser Load (0.2ms)[0m   [0mSELECT * FROM `users` WHERE (`users`.`id` = 18) [0m
  [4;36;1mRating Load (0.2ms)[0m   [0;1mSELECT * FROM `ratings` WHERE (rateable_id = 14 AND rateable_type = 'Service') [0m
  [4;35;1mSQL (0.2ms)[0m   [0mSELECT count(*) AS count_all FROM `ratings` WHERE (`ratings`.rateable_id = 14 AND `ratings`.rateable_type = 'Service') [0m
Rendered ratings/_rating (11.7ms)
  [4;36;1mCACHE (0.0ms)[0m   [0;1mSELECT * FROM `users` WHERE (`users`.`id` = 18) [0m
  [4;35;1mAttachedFile Load (0.2ms)[0m   [0mSELECT * FROM `attached_files` WHERE (`attached_files`.service_id = 16) [0m
  [4;36;1mCACHE (0.0ms)[0m   [0;1mSELECT * FROM `users` WHERE (`users`.`id` = 13) [0m
  [4;35;1mRating Load (0.5ms)[0m   [0mSELECT * FROM `ratings` WHERE (rateable_id = 16 AND rateable_type = 'Service') [0m
  [4;36;1mSQL (0.2ms)[0m   [0;1mSELECT count(*) AS count_all FROM `ratings` WHERE (`ratings`.rateable_id = 16 AND `ratings`.rateable_type = 'Service') [0m
Rendered ratings/_rating (12.3ms)
  [4;35;1mAttachedFile Load (0.2ms)[0m   [0mSELECT * FROM `attached_files` WHERE (`attached_files`.service_id = 17) [0m
  [4;36;1mUser Load (0.2ms)[0m   [0;1mSELECT * FROM `users` WHERE (`users`.`id` = 19) [0m
  [4;35;1mRating Load (0.3ms)[0m   [0mSELECT * FROM `ratings` WHERE (rateable_id = 17 AND rateable_type = 'Service') [0m
  [4;36;1mSQL (0.2ms)[0m   [0;1mSELECT count(*) AS count_all FROM `ratings` WHERE (`ratings`.rateable_id = 17 AND `ratings`.rateable_type = 'Service') [0m
Rendered ratings/_rating (11.0ms)
  [4;35;1mCACHE (0.0ms)[0m   [0mSELECT * FROM `users` WHERE (`users`.`id` = 19) [0m
  [4;36;1mAttachedFile Load (0.2ms)[0m   [0;1mSELECT * FROM `attached_files` WHERE (`attached_files`.service_id = 18) [0m
  [4;35;1mUser Load (0.1ms)[0m   [0mSELECT * FROM `users` WHERE (`users`.`id` = 20) [0m
  [4;36;1mRating Load (0.3ms)[0m   [0;1mSELECT * FROM `ratings` WHERE (rateable_id = 18 AND rateable_type = 'Service') [0m
  [4;35;1mSQL (0.2ms)[0m   [0mSELECT count(*) AS count_all FROM `ratings` WHERE (`ratings`.rateable_id = 18 AND `ratings`.rateable_type = 'Service') [0m
Rendered ratings/_rating (11.1ms)
  [4;36;1mCACHE (0.0ms)[0m   [0;1mSELECT * FROM `users` WHERE (`users`.`id` = 20) [0m
Rendered layouts/_pagination_links (1.2ms)
Rendered layouts/_search_box (0.5ms)
Completed in 252ms (View: 150, DB: 14) | 200 OK [http://localhost/services]
  [4;35;1mSQL (0.1ms)[0m   [0mSET NAMES 'utf8'[0m
  [4;36;1mSQL (0.1ms)[0m   [0;1mSET SQL_AUTO_IS_NULL=0[0m


Processing ServicesController#new (for 127.0.0.1 at 2009-12-19 00:49:19) [GET]
  [4;35;1mUser Columns (2.2ms)[0m   [0mSHOW FIELDS FROM `users`[0m
  [4;36;1mService Columns (2.7ms)[0m   [0;1mSHOW FIELDS FROM `services`[0m
  [4;35;1mAttachedFile Columns (1.3ms)[0m   [0mSHOW FIELDS FROM `attached_files`[0m
Rendering template within layouts/application
Rendering services/new
  [4;36;1mServiceCategory Load (0.4ms)[0m   [0;1mSELECT * FROM `service_categories` WHERE (parent_id IS NULL) ORDER BY name[0m
  [4;35;1mServiceCategory Columns (1.3ms)[0m   [0mSHOW FIELDS FROM `service_categories`[0m
  [4;36;1mServiceCategory Load (0.3ms)[0m   [0;1mSELECT * FROM `service_categories` WHERE (`service_categories`.parent_id = 1) ORDER BY name[0m
  [4;35;1mServiceCategory Load (0.2ms)[0m   [0mSELECT * FROM `service_categories` WHERE (`service_categories`.parent_id = 4) ORDER BY name[0m
Rendered attached_files/_form (1.4ms)
Rendered attached_files/_form (1.4ms)
Rendered attached_files/_form (1.5ms)
Rendered attached_files/_form (1.5ms)
Rendered services/_form (21.9ms)
Rendered layouts/_search_box (0.5ms)
Completed in 129ms (View: 22, DB: 9) | 200 OK [http://localhost/services/new]
  [4;36;1mSQL (0.1ms)[0m   [0;1mSET NAMES 'utf8'[0m
  [4;35;1mSQL (0.1ms)[0m   [0mSET SQL_AUTO_IS_NULL=0[0m


Processing ApplicationController#index (for 127.0.0.1 at 2009-12-19 00:49:19) [GET]
  Parameters: {"1253661662"=>nil}

ActionController::RoutingError (No route matches "/javascripts/tiny_mce/plugins/filemanager/editor_plugin.js" with {:method=>:get}):
  /opt/local/lib/ruby/1.8/webrick/httpserver.rb:104:in `service'
  /opt/local/lib/ruby/1.8/webrick/httpserver.rb:65:in `run'
  /opt/local/lib/ruby/1.8/webrick/server.rb:173:in `start_thread'
  /opt/local/lib/ruby/1.8/webrick/server.rb:162:in `start'
  /opt/local/lib/ruby/1.8/webrick/server.rb:162:in `start_thread'
  /opt/local/lib/ruby/1.8/webrick/server.rb:95:in `start'
  /opt/local/lib/ruby/1.8/webrick/server.rb:92:in `each'
  /opt/local/lib/ruby/1.8/webrick/server.rb:92:in `start'
  /opt/local/lib/ruby/1.8/webrick/server.rb:23:in `start'
  /opt/local/lib/ruby/1.8/webrick/server.rb:82:in `start'

Rendering rescues/layout (not_found)
  [4;36;1mSQL (0.1ms)[0m   [0;1mSET NAMES 'utf8'[0m
  [4;35;1mSQL (0.1ms)[0m   [0mSET SQL_AUTO_IS_NULL=0[0m


Processing ApplicationController#index (for 127.0.0.1 at 2009-12-19 00:49:19) [GET]
  Parameters: {"1253661662"=>nil}

ActionController::RoutingError (No route matches "/javascripts/tiny_mce/plugins/imagemanager/editor_plugin.js" with {:method=>:get}):
  /opt/local/lib/ruby/1.8/webrick/httpserver.rb:104:in `service'
  /opt/local/lib/ruby/1.8/webrick/httpserver.rb:65:in `run'
  /opt/local/lib/ruby/1.8/webrick/server.rb:173:in `start_thread'
  /opt/local/lib/ruby/1.8/webrick/server.rb:162:in `start'
  /opt/local/lib/ruby/1.8/webrick/server.rb:162:in `start_thread'
  /opt/local/lib/ruby/1.8/webrick/server.rb:95:in `start'
  /opt/local/lib/ruby/1.8/webrick/server.rb:92:in `each'
  /opt/local/lib/ruby/1.8/webrick/server.rb:92:in `start'
  /opt/local/lib/ruby/1.8/webrick/server.rb:23:in `start'
  /opt/local/lib/ruby/1.8/webrick/server.rb:82:in `start'

Rendering rescues/layout (not_found)
  [4;36;1mSQL (0.1ms)[0m   [0;1mSET NAMES 'utf8'[0m
  [4;35;1mSQL (0.1ms)[0m   [0mSET SQL_AUTO_IS_NULL=0[0m


Processing ServicesController#create (for 127.0.0.1 at 2009-12-19 00:49:22) [POST]
  Parameters: {"commit"=>"Submit", "service"=>{"title"=>"", "user_attributes"=>{"name"=>"", "password_confirmation"=>"", "password"=>"", "email"=>""}, "attached_files_attributes"=>{"0"=>{"caption"=>""}, "1"=>{"caption"=>""}, "2"=>{"caption"=>""}, "3"=>{"caption"=>""}}, "service_description"=>"", "service_category_id"=>""}, "authenticity_token"=>"5nUa2NFoRsj7L6hYc07RspsDJavFEc8YaYClFLK/0I0="}
  [4;36;1mUser Columns (2.0ms)[0m   [0;1mSHOW FIELDS FROM `users`[0m
  [4;35;1mService Columns (1.7ms)[0m   [0mSHOW FIELDS FROM `services`[0m
  [4;36;1mUser Load (0.4ms)[0m   [0;1mSELECT * FROM `users` WHERE (`users`.`email` = '') LIMIT 1[0m
  [4;35;1mSQL (0.1ms)[0m   [0mBEGIN[0m
  [4;36;1mUser Load (0.2ms)[0m   [0;1mSELECT `users`.id FROM `users` WHERE (LOWER(`users`.`email`) = BINARY '') LIMIT 1[0m
  [4;35;1mUser Load (0.1ms)[0m   [0mSELECT `users`.id FROM `users` WHERE (`users`.`persistence_token` = BINARY '7ff10df809f100768a28ff65addeed80b6660e1e77ca6aa19ceb910b7c77187d624b51db9d11977273c4b5bdf89bcc293655069de21f9f3f5056a138a7a231b8') LIMIT 1[0m
  [4;36;1mSQL (0.1ms)[0m   [0;1mROLLBACK[0m
  [4;35;1mAttachedFile Columns (1.5ms)[0m   [0mSHOW FIELDS FROM `attached_files`[0m
Rendering template within layouts/application
Rendering services/new
  [4;36;1mServiceCategory Load (0.4ms)[0m   [0;1mSELECT * FROM `service_categories` WHERE (parent_id IS NULL) ORDER BY name[0m
  [4;35;1mServiceCategory Columns (1.6ms)[0m   [0mSHOW FIELDS FROM `service_categories`[0m
  [4;36;1mServiceCategory Load (0.3ms)[0m   [0;1mSELECT * FROM `service_categories` WHERE (`service_categories`.parent_id = 1) ORDER BY name[0m
  [4;35;1mServiceCategory Load (0.2ms)[0m   [0mSELECT * FROM `service_categories` WHERE (`service_categories`.parent_id = 4) ORDER BY name[0m
Rendered attached_files/_form (1.6ms)
Rendered attached_files/_form (1.4ms)
Rendered attached_files/_form (1.5ms)
Rendered attached_files/_form (1.4ms)
Rendered services/_form (19.9ms)
Rendered layouts/_search_box (0.5ms)
Completed in 125ms (View: 20, DB: 9) | 200 OK [http://localhost/services]
  [4;36;1mSQL (0.1ms)[0m   [0;1mSET NAMES 'utf8'[0m
  [4;35;1mSQL (0.1ms)[0m   [0mSET SQL_AUTO_IS_NULL=0[0m


Processing ApplicationController#index (for 127.0.0.1 at 2009-12-19 00:49:22) [GET]
  Parameters: {"1253661662"=>nil}

ActionController::RoutingError (No route matches "/javascripts/tiny_mce/plugins/imagemanager/editor_plugin.js" with {:method=>:get}):
  /opt/local/lib/ruby/1.8/webrick/httpserver.rb:104:in `service'
  /opt/local/lib/ruby/1.8/webrick/httpserver.rb:65:in `run'
  /opt/local/lib/ruby/1.8/webrick/server.rb:173:in `start_thread'
  /opt/local/lib/ruby/1.8/webrick/server.rb:162:in `start'
  /opt/local/lib/ruby/1.8/webrick/server.rb:162:in `start_thread'
  /opt/local/lib/ruby/1.8/webrick/server.rb:95:in `start'
  /opt/local/lib/ruby/1.8/webrick/server.rb:92:in `each'
  /opt/local/lib/ruby/1.8/webrick/server.rb:92:in `start'
  /opt/local/lib/ruby/1.8/webrick/server.rb:23:in `start'
  /opt/local/lib/ruby/1.8/webrick/server.rb:82:in `start'

Rendering rescues/layout (not_found)
  [4;36;1mSQL (0.1ms)[0m   [0;1mSET NAMES 'utf8'[0m
  [4;35;1mSQL (0.1ms)[0m   [0mSET SQL_AUTO_IS_NULL=0[0m


Processing ApplicationController#index (for 127.0.0.1 at 2009-12-19 00:49:22) [GET]
  Parameters: {"1253661662"=>nil}

ActionController::RoutingError (No route matches "/javascripts/tiny_mce/plugins/filemanager/editor_plugin.js" with {:method=>:get}):
  /opt/local/lib/ruby/1.8/webrick/httpserver.rb:104:in `service'
  /opt/local/lib/ruby/1.8/webrick/httpserver.rb:65:in `run'
  /opt/local/lib/ruby/1.8/webrick/server.rb:173:in `start_thread'
  /opt/local/lib/ruby/1.8/webrick/server.rb:162:in `start'
  /opt/local/lib/ruby/1.8/webrick/server.rb:162:in `start_thread'
  /opt/local/lib/ruby/1.8/webrick/server.rb:95:in `start'
  /opt/local/lib/ruby/1.8/webrick/server.rb:92:in `each'
  /opt/local/lib/ruby/1.8/webrick/server.rb:92:in `start'
  /opt/local/lib/ruby/1.8/webrick/server.rb:23:in `start'
  /opt/local/lib/ruby/1.8/webrick/server.rb:82:in `start'

Rendering rescues/layout (not_found)
  [4;36;1mSQL (0.1ms)[0m   [0;1mSET NAMES 'utf8'[0m
  [4;35;1mSQL (0.1ms)[0m   [0mSET SQL_AUTO_IS_NULL=0[0m


Processing ServicesController#create (for 127.0.0.1 at 2009-12-19 00:49:38) [POST]
  Parameters: {"commit"=>"Submit", "service"=>{"title"=>"", "user_attributes"=>{"name"=>"", "password_confirmation"=>"", "password"=>"", "email"=>""}, "attached_files_attributes"=>{"0"=>{"caption"=>""}, "1"=>{"caption"=>""}, "2"=>{"caption"=>""}, "3"=>{"caption"=>""}}, "service_description"=>"", "service_category_id"=>""}, "authenticity_token"=>"5nUa2NFoRsj7L6hYc07RspsDJavFEc8YaYClFLK/0I0="}
  [4;36;1mUser Columns (1.7ms)[0m   [0;1mSHOW FIELDS FROM `users`[0m
  [4;35;1mService Columns (1.8ms)[0m   [0mSHOW FIELDS FROM `services`[0m
  [4;36;1mUser Load (0.4ms)[0m   [0;1mSELECT * FROM `users` WHERE (`users`.`email` = '') LIMIT 1[0m
  [4;35;1mSQL (0.1ms)[0m   [0mBEGIN[0m
  [4;36;1mUser Load (0.2ms)[0m   [0;1mSELECT `users`.id FROM `users` WHERE (LOWER(`users`.`email`) = BINARY '') LIMIT 1[0m
  [4;35;1mUser Load (0.2ms)[0m   [0mSELECT `users`.id FROM `users` WHERE (`users`.`persistence_token` = BINARY 'beefdc4efa95fdc1ee37a34903ea1e98141b0f3653d46d793a1d07c467c192d5a9f6c8ee0614150210eed53d112c33cdc8cca4d2acc341842a0e83eaae42396a') LIMIT 1[0m
  [4;36;1mSQL (0.1ms)[0m   [0;1mROLLBACK[0m
  [4;35;1mAttachedFile Columns (1.5ms)[0m   [0mSHOW FIELDS FROM `attached_files`[0m
Rendering template within layouts/application
Rendering services/new
  [4;36;1mServiceCategory Load (0.3ms)[0m   [0;1mSELECT * FROM `service_categories` WHERE (parent_id IS NULL) ORDER BY name[0m
  [4;35;1mServiceCategory Columns (1.5ms)[0m   [0mSHOW FIELDS FROM `service_categories`[0m
  [4;36;1mServiceCategory Load (0.3ms)[0m   [0;1mSELECT * FROM `service_categories` WHERE (`service_categories`.parent_id = 1) ORDER BY name[0m
  [4;35;1mServiceCategory Load (0.2ms)[0m   [0mSELECT * FROM `service_categories` WHERE (`service_categories`.parent_id = 4) ORDER BY name[0m
Rendered attached_files/_form (1.5ms)
Rendered attached_files/_form (1.4ms)
Rendered attached_files/_form (1.4ms)
Rendered attached_files/_form (1.6ms)
Rendered services/_form (18.9ms)
Rendered layouts/_search_box (0.6ms)
Completed in 131ms (View: 81, DB: 8) | 200 OK [http://localhost/services]
  [4;36;1mSQL (0.1ms)[0m   [0;1mSET NAMES 'utf8'[0m
  [4;35;1mSQL (0.1ms)[0m   [0mSET SQL_AUTO_IS_NULL=0[0m


Processing ApplicationController#index (for 127.0.0.1 at 2009-12-19 00:49:38) [GET]
  Parameters: {"1253661662"=>nil}

ActionController::RoutingError (No route matches "/javascripts/tiny_mce/plugins/imagemanager/editor_plugin.js" with {:method=>:get}):
  /opt/local/lib/ruby/1.8/webrick/httpserver.rb:104:in `service'
  /opt/local/lib/ruby/1.8/webrick/httpserver.rb:65:in `run'
  /opt/local/lib/ruby/1.8/webrick/server.rb:173:in `start_thread'
  /opt/local/lib/ruby/1.8/webrick/server.rb:162:in `start'
  /opt/local/lib/ruby/1.8/webrick/server.rb:162:in `start_thread'
  /opt/local/lib/ruby/1.8/webrick/server.rb:95:in `start'
  /opt/local/lib/ruby/1.8/webrick/server.rb:92:in `each'
  /opt/local/lib/ruby/1.8/webrick/server.rb:92:in `start'
  /opt/local/lib/ruby/1.8/webrick/server.rb:23:in `start'
  /opt/local/lib/ruby/1.8/webrick/server.rb:82:in `start'

Rendering rescues/layout (not_found)
  [4;36;1mSQL (0.1ms)[0m   [0;1mSET NAMES 'utf8'[0m
  [4;35;1mSQL (0.1ms)[0m   [0mSET SQL_AUTO_IS_NULL=0[0m


Processing ApplicationController#index (for 127.0.0.1 at 2009-12-19 00:49:38) [GET]
  Parameters: {"1253661662"=>nil}

ActionController::RoutingError (No route matches "/javascripts/tiny_mce/plugins/filemanager/editor_plugin.js" with {:method=>:get}):
  /opt/local/lib/ruby/1.8/webrick/httpserver.rb:104:in `service'
  /opt/local/lib/ruby/1.8/webrick/httpserver.rb:65:in `run'
  /opt/local/lib/ruby/1.8/webrick/server.rb:173:in `start_thread'
  /opt/local/lib/ruby/1.8/webrick/server.rb:162:in `start'
  /opt/local/lib/ruby/1.8/webrick/server.rb:162:in `start_thread'
  /opt/local/lib/ruby/1.8/webrick/server.rb:95:in `start'
  /opt/local/lib/ruby/1.8/webrick/server.rb:92:in `each'
  /opt/local/lib/ruby/1.8/webrick/server.rb:92:in `start'
  /opt/local/lib/ruby/1.8/webrick/server.rb:23:in `start'
  /opt/local/lib/ruby/1.8/webrick/server.rb:82:in `start'

Rendering rescues/layout (not_found)
  [4;36;1mSQL (0.1ms)[0m   [0;1mSET NAMES 'utf8'[0m
  [4;35;1mSQL (0.1ms)[0m   [0mSET SQL_AUTO_IS_NULL=0[0m


Processing ServicesController#create (for 127.0.0.1 at 2009-12-19 00:49:53) [POST]
  Parameters: {"commit"=>"Submit", "service"=>{"title"=>"", "user_attributes"=>{"name"=>"Sohan", "password_confirmation"=>"", "password"=>"", "email"=>""}, "attached_files_attributes"=>{"0"=>{"caption"=>""}, "1"=>{"caption"=>""}, "2"=>{"caption"=>""}, "3"=>{"caption"=>""}}, "service_description"=>"", "service_category_id"=>""}, "authenticity_token"=>"5nUa2NFoRsj7L6hYc07RspsDJavFEc8YaYClFLK/0I0="}
  [4;36;1mUser Columns (2.3ms)[0m   [0;1mSHOW FIELDS FROM `users`[0m
  [4;35;1mService Columns (1.8ms)[0m   [0mSHOW FIELDS FROM `services`[0m
  [4;36;1mUser Load (0.3ms)[0m   [0;1mSELECT * FROM `users` WHERE (`users`.`email` = '') LIMIT 1[0m
  [4;35;1mSQL (0.1ms)[0m   [0mBEGIN[0m
  [4;36;1mUser Load (0.2ms)[0m   [0;1mSELECT `users`.id FROM `users` WHERE (LOWER(`users`.`email`) = BINARY '') LIMIT 1[0m
  [4;35;1mUser Load (0.1ms)[0m   [0mSELECT `users`.id FROM `users` WHERE (`users`.`persistence_token` = BINARY 'ceaf8cf2151178a23684ee5ba5a95fb6e8101430d612a12bddb9ba342afe9383fa206eafe784af568b313edf8fa5097341bfe3aa1d2d10ccf9f322c8656043a0') LIMIT 1[0m
  [4;36;1mSQL (0.1ms)[0m   [0;1mROLLBACK[0m
  [4;35;1mAttachedFile Columns (1.6ms)[0m   [0mSHOW FIELDS FROM `attached_files`[0m
Rendering template within layouts/application
Rendering services/new
  [4;36;1mServiceCategory Load (0.3ms)[0m   [0;1mSELECT * FROM `service_categories` WHERE (parent_id IS NULL) ORDER BY name[0m
  [4;35;1mServiceCategory Columns (1.2ms)[0m   [0mSHOW FIELDS FROM `service_categories`[0m
  [4;36;1mServiceCategory Load (0.4ms)[0m   [0;1mSELECT * FROM `service_categories` WHERE (`service_categories`.parent_id = 1) ORDER BY name[0m
  [4;35;1mServiceCategory Load (0.2ms)[0m   [0mSELECT * FROM `service_categories` WHERE (`service_categories`.parent_id = 4) ORDER BY name[0m
Rendered attached_files/_form (1.4ms)
Rendered attached_files/_form (1.4ms)
Rendered attached_files/_form (1.4ms)
Rendered attached_files/_form (1.5ms)
Rendered services/_form (19.0ms)
Rendered layouts/_search_box (0.5ms)
Completed in 67ms (View: 19, DB: 9) | 200 OK [http://localhost/services]
  [4;36;1mSQL (0.1ms)[0m   [0;1mSET NAMES 'utf8'[0m
  [4;35;1mSQL (0.5ms)[0m   [0mSET SQL_AUTO_IS_NULL=0[0m


Processing ApplicationController#index (for 127.0.0.1 at 2009-12-19 00:49:53) [GET]
  Parameters: {"1253661662"=>nil}

ActionController::RoutingError (No route matches "/javascripts/tiny_mce/plugins/imagemanager/editor_plugin.js" with {:method=>:get}):
  /opt/local/lib/ruby/1.8/webrick/httpserver.rb:104:in `service'
  /opt/local/lib/ruby/1.8/webrick/httpserver.rb:65:in `run'
  /opt/local/lib/ruby/1.8/webrick/server.rb:173:in `start_thread'
  /opt/local/lib/ruby/1.8/webrick/server.rb:162:in `start'
  /opt/local/lib/ruby/1.8/webrick/server.rb:162:in `start_thread'
  /opt/local/lib/ruby/1.8/webrick/server.rb:95:in `start'
  /opt/local/lib/ruby/1.8/webrick/server.rb:92:in `each'
  /opt/local/lib/ruby/1.8/webrick/server.rb:92:in `start'
  /opt/local/lib/ruby/1.8/webrick/server.rb:23:in `start'
  /opt/local/lib/ruby/1.8/webrick/server.rb:82:in `start'

Rendering rescues/layout (not_found)
  [4;36;1mSQL (0.1ms)[0m   [0;1mSET NAMES 'utf8'[0m
  [4;35;1mSQL (0.1ms)[0m   [0mSET SQL_AUTO_IS_NULL=0[0m


Processing ApplicationController#index (for 127.0.0.1 at 2009-12-19 00:49:53) [GET]
  Parameters: {"1253661662"=>nil}

ActionController::RoutingError (No route matches "/javascripts/tiny_mce/plugins/filemanager/editor_plugin.js" with {:method=>:get}):
  /opt/local/lib/ruby/1.8/webrick/httpserver.rb:104:in `service'
  /opt/local/lib/ruby/1.8/webrick/httpserver.rb:65:in `run'
  /opt/local/lib/ruby/1.8/webrick/server.rb:173:in `start_thread'
  /opt/local/lib/ruby/1.8/webrick/server.rb:162:in `start'
  /opt/local/lib/ruby/1.8/webrick/server.rb:162:in `start_thread'
  /opt/local/lib/ruby/1.8/webrick/server.rb:95:in `start'
  /opt/local/lib/ruby/1.8/webrick/server.rb:92:in `each'
  /opt/local/lib/ruby/1.8/webrick/server.rb:92:in `start'
  /opt/local/lib/ruby/1.8/webrick/server.rb:23:in `start'
  /opt/local/lib/ruby/1.8/webrick/server.rb:82:in `start'

Rendering rescues/layout (not_found)
